[2022/03/10 20:04:07.159] - Starting server with initial configuration: {"gasLimit":6721975,"gasPrice":20000000000,"hardfork":"muirGlacier","hostname":"127.0.0.1","port":7545,"network_id":5777,"default_balance_ether":100,"total_accounts":10,"unlocked_accounts":[],"locked":false,"vmErrorsOnRPCResponse":true,"verbose":true,"db_path":"C:\\Users\\hp\\AppData\\Roaming\\Ganache\\workspaces\\silent-toothpaste\\chaindata","logDirectory":"C:\\wamp64\\www\\SOLIDITY\\LOGS"}
[2022/03/10 20:04:08.101] - eth_subscribe
[2022/03/10 20:04:08.102] -    > {
   >   "jsonrpc": "2.0",
   >   "id": 17,
   >   "method": "eth_subscribe",
   >   "params": [
   >     "newHeads"
   >   ]
   > }
[2022/03/10 20:04:08.146] - eth_getLogs
[2022/03/10 20:04:08.148] -    > {
   >   "jsonrpc": "2.0",
   >   "id": 18,
   >   "method": "eth_getLogs",
   >   "params": [
   >     {
   >       "topics": []
   >     }
   >   ]
   > }
[2022/03/10 20:04:08.150] - eth_subscribe
[2022/03/10 20:04:08.151] -    > {
   >   "jsonrpc": "2.0",
   >   "id": 19,
   >   "method": "eth_subscribe",
   >   "params": [
   >     "logs",
   >     {
   >       "topics": []
   >     }
   >   ]
   > }
[2022/03/10 20:04:08.152] -  <   {
 <     "id": 17,
 <     "jsonrpc": "2.0",
 <     "result": "0x1"
 <   }
[2022/03/10 20:04:08.159] - eth_subscribe
[2022/03/10 20:04:08.160] -    > {
   >   "jsonrpc": "2.0",
   >   "id": 20,
   >   "method": "eth_subscribe",
   >   "params": [
   >     "newHeads"
   >   ]
   > }
[2022/03/10 20:04:08.161] - eth_getLogs
[2022/03/10 20:04:08.162] -    > {
   >   "jsonrpc": "2.0",
   >   "id": 21,
   >   "method": "eth_getLogs",
   >   "params": [
   >     {
   >       "topics": []
   >     }
   >   ]
   > }
[2022/03/10 20:04:08.164] - eth_subscribe
[2022/03/10 20:04:08.165] -    > {
   >   "jsonrpc": "2.0",
   >   "id": 22,
   >   "method": "eth_subscribe",
   >   "params": [
   >     "logs",
   >     {
   >       "topics": []
   >     }
   >   ]
   > }
[2022/03/10 20:04:08.166] - eth_blockNumber
[2022/03/10 20:04:08.167] -    > {
   >   "jsonrpc": "2.0",
   >   "id": 185,
   >   "method": "eth_blockNumber",
   >   "params": [],
   >   "internal": true
   > }
[2022/03/10 20:04:08.169] - eth_accounts
[2022/03/10 20:04:08.170] -    > {
   >   "jsonrpc": "2.0",
   >   "id": 186,
   >   "method": "eth_accounts",
   >   "params": [],
   >   "internal": true
   > }
[2022/03/10 20:04:08.171] - eth_blockNumber
[2022/03/10 20:04:08.172] -    > {
   >   "jsonrpc": "2.0",
   >   "id": 190,
   >   "method": "eth_blockNumber",
   >   "params": [],
   >   "internal": true
   > }
[2022/03/10 20:04:08.174] - eth_gasPrice
[2022/03/10 20:04:08.175] -    > {
   >   "jsonrpc": "2.0",
   >   "id": 187,
   >   "method": "eth_gasPrice",
   >   "params": [],
   >   "internal": true
   > }
[2022/03/10 20:04:08.270] - eth_accounts
[2022/03/10 20:04:08.271] -    > {
   >   "jsonrpc": "2.0",
   >   "id": 191,
   >   "method": "eth_accounts",
   >   "params": [],
   >   "internal": true
   > }
[2022/03/10 20:04:08.273] - eth_getBlockByNumber
[2022/03/10 20:04:08.274] -    > {
   >   "jsonrpc": "2.0",
   >   "id": 188,
   >   "method": "eth_getBlockByNumber",
   >   "params": [
   >     "latest",
   >     false
   >   ],
   >   "internal": true
   > }
[2022/03/10 20:04:08.275] - eth_gasPrice
[2022/03/10 20:04:08.276] -    > {
   >   "jsonrpc": "2.0",
   >   "id": 192,
   >   "method": "eth_gasPrice",
   >   "params": [],
   >   "internal": true
   > }
[2022/03/10 20:04:08.279] - eth_subscribe
[2022/03/10 20:04:08.281] -    > {
   >   "jsonrpc": "2.0",
   >   "id": 189,
   >   "method": "eth_subscribe",
   >   "params": [
   >     "newHeads"
   >   ],
   >   "internal": true
   > }
[2022/03/10 20:04:08.282] - eth_getBlockByNumber
[2022/03/10 20:04:08.282] -    > {
   >   "jsonrpc": "2.0",
   >   "id": 193,
   >   "method": "eth_getBlockByNumber",
   >   "params": [
   >     "latest",
   >     false
   >   ],
   >   "internal": true
   > }
[2022/03/10 20:04:08.284] - eth_subscribe
[2022/03/10 20:04:08.285] -    > {
   >   "jsonrpc": "2.0",
   >   "id": 194,
   >   "method": "eth_subscribe",
   >   "params": [
   >     "newHeads"
   >   ],
   >   "internal": true
   > }
[2022/03/10 20:04:08.286] -  <   {
 <     "id": 18,
 <     "jsonrpc": "2.0",
 <     "result": []
 <   }
[2022/03/10 20:04:08.288] -  <   {
 <     "id": 19,
 <     "jsonrpc": "2.0",
 <     "result": "0x2"
 <   }
[2022/03/10 20:04:08.292] -  <   {
 <     "id": 20,
 <     "jsonrpc": "2.0",
 <     "result": "0x3"
 <   }
[2022/03/10 20:04:08.297] -  <   {
 <     "id": 21,
 <     "jsonrpc": "2.0",
 <     "result": []
 <   }
[2022/03/10 20:04:08.299] -  <   {
 <     "id": 22,
 <     "jsonrpc": "2.0",
 <     "result": "0x4"
 <   }
[2022/03/10 20:04:08.301] -  <   {
 <     "id": 185,
 <     "jsonrpc": "2.0",
 <     "result": "0x0"
 <   }
[2022/03/10 20:04:08.303] -  <   {
 <     "id": 186,
 <     "jsonrpc": "2.0",
 <     "result": [
 <       "0xb6b2b4af57ab855a0b28c474a45b46df019f05bf",
 <       "0xdff908c4b6e1baed0af22b63a116b0ba640ab4a1",
 <       "0x7a9ecbf6b8eda0fb08d0d6b2233179fc95a95f3d",
 <       "0xe81f26e024c69488ef11e7364526c38c85b35cab",
 <       "0xda89e2c8b86f0fb6654da8576167ed9470f9822e",
 <       "0xe55fe5198fc36a19302f2bdf20664b5592f4e458",
 <       "0x076c32748b1837a1f3d78886d0609909b77e29d1",
 <       "0x10d5b2457c3295e9e213b4754e115a67ddec68ab",
 <       "0x322d77b905a4621da6e7cfbb3d27045fcb1fead4",
 <       "0x7c96e9f126fc34ce15e84037388e36cfeb05fdb5"
 <     ]
 <   }
[2022/03/10 20:04:08.306] -  <   {
 <     "id": 190,
 <     "jsonrpc": "2.0",
 <     "result": "0x0"
 <   }
[2022/03/10 20:04:08.308] -  <   {
 <     "id": 187,
 <     "jsonrpc": "2.0",
 <     "result": "0x4a817c800"
 <   }
[2022/03/10 20:04:08.310] -  <   {
 <     "id": 191,
 <     "jsonrpc": "2.0",
 <     "result": [
 <       "0xb6b2b4af57ab855a0b28c474a45b46df019f05bf",
 <       "0xdff908c4b6e1baed0af22b63a116b0ba640ab4a1",
 <       "0x7a9ecbf6b8eda0fb08d0d6b2233179fc95a95f3d",
 <       "0xe81f26e024c69488ef11e7364526c38c85b35cab",
 <       "0xda89e2c8b86f0fb6654da8576167ed9470f9822e",
 <       "0xe55fe5198fc36a19302f2bdf20664b5592f4e458",
 <       "0x076c32748b1837a1f3d78886d0609909b77e29d1",
 <       "0x10d5b2457c3295e9e213b4754e115a67ddec68ab",
 <       "0x322d77b905a4621da6e7cfbb3d27045fcb1fead4",
 <       "0x7c96e9f126fc34ce15e84037388e36cfeb05fdb5"
 <     ]
 <   }
[2022/03/10 20:04:08.311] - eth_accounts
[2022/03/10 20:04:08.312] -    > {
   >   "jsonrpc": "2.0",
   >   "id": 195,
   >   "method": "eth_accounts",
   >   "params": [],
   >   "internal": true
   > }
[2022/03/10 20:04:08.315] -  <   {
 <     "id": 188,
 <     "jsonrpc": "2.0",
 <     "result": {
 <       "number": "0x0",
 <       "hash": "0x033f64772c3e7bd542e2ec9bf3a77c5a6f80787d7948d2ca4b782a04ad6856ee",
 <       "parentHash": "0x0000000000000000000000000000000000000000000000000000000000000000",
 <       "mixHash": "0x0000000000000000000000000000000000000000000000000000000000000000",
 <       "nonce": "0x0000000000000000",
 <       "sha3Uncles": "0x1dcc4de8dec75d7aab85b567b6ccd41ad312451b948a7413f0a142fd40d49347",
 <       "logsBloom": "0x00000000000000000000000000000000000000000000000000000000000000000000000000000000000000000000000000000000000000000000000000000000000000000000000000000000000000000000000000000000000000000000000000000000000000000000000000000000000000000000000000000000000000000000000000000000000000000000000000000000000000000000000000000000000000000000000000000000000000000000000000000000000000000000000000000000000000000000000000000000000000000000000000000000000000000000000000000000000000000000000000000000000000000000000000000000",
 <       "transactionsRoot": "0x56e81f171bcc55a6ff8345e692c0f86e5b48e01b996cadc001622fb5e363b421",
 <       "stateRoot": "0xa4ad5555520364c4f1d3623501ad902f30456e56043107eea084ac661d9172a0",
 <       "receiptsRoot": "0x56e81f171bcc55a6ff8345e692c0f86e5b48e01b996cadc001622fb5e363b421",
 <       "miner": "0x0000000000000000000000000000000000000000",
 <       "difficulty": "0x0",
 <       "totalDifficulty": "0x0",
 <       "extraData": "0x",
 <       "size": "0x3e8",
 <       "gasLimit": "0x6691b7",
 <       "gasUsed": "0x0",
 <       "timestamp": "0x622a49de",
 <       "transactions": [],
 <       "uncles": []
 <     }
 <   }
[2022/03/10 20:04:08.318] -  <   {
 <     "id": 192,
 <     "jsonrpc": "2.0",
 <     "result": "0x4a817c800"
 <   }
[2022/03/10 20:04:08.322] -  <   {
 <     "id": 189,
 <     "jsonrpc": "2.0",
 <     "result": "0x5"
 <   }
[2022/03/10 20:04:08.324] -  <   {
 <     "id": 193,
 <     "jsonrpc": "2.0",
 <     "result": {
 <       "number": "0x0",
 <       "hash": "0x033f64772c3e7bd542e2ec9bf3a77c5a6f80787d7948d2ca4b782a04ad6856ee",
 <       "parentHash": "0x0000000000000000000000000000000000000000000000000000000000000000",
 <       "mixHash": "0x0000000000000000000000000000000000000000000000000000000000000000",
 <       "nonce": "0x0000000000000000",
 <       "sha3Uncles": "0x1dcc4de8dec75d7aab85b567b6ccd41ad312451b948a7413f0a142fd40d49347",
 <       "logsBloom": "0x00000000000000000000000000000000000000000000000000000000000000000000000000000000000000000000000000000000000000000000000000000000000000000000000000000000000000000000000000000000000000000000000000000000000000000000000000000000000000000000000000000000000000000000000000000000000000000000000000000000000000000000000000000000000000000000000000000000000000000000000000000000000000000000000000000000000000000000000000000000000000000000000000000000000000000000000000000000000000000000000000000000000000000000000000000000",
 <       "transactionsRoot": "0x56e81f171bcc55a6ff8345e692c0f86e5b48e01b996cadc001622fb5e363b421",
 <       "stateRoot": "0xa4ad5555520364c4f1d3623501ad902f30456e56043107eea084ac661d9172a0",
 <       "receiptsRoot": "0x56e81f171bcc55a6ff8345e692c0f86e5b48e01b996cadc001622fb5e363b421",
 <       "miner": "0x0000000000000000000000000000000000000000",
 <       "difficulty": "0x0",
 <       "totalDifficulty": "0x0",
 <       "extraData": "0x",
 <       "size": "0x3e8",
 <       "gasLimit": "0x6691b7",
 <       "gasUsed": "0x0",
 <       "timestamp": "0x622a49de",
 <       "transactions": [],
 <       "uncles": []
 <     }
 <   }
[2022/03/10 20:04:08.488] - eth_getBalance
[2022/03/10 20:04:08.490] -    > {
   >   "jsonrpc": "2.0",
   >   "id": 196,
   >   "method": "eth_getBalance",
   >   "params": [
   >     "0xb6b2b4af57ab855a0b28c474a45b46df019f05bf",
   >     "latest"
   >   ],
   >   "internal": true
   > }
[2022/03/10 20:04:08.491] - eth_getTransactionCount
[2022/03/10 20:04:08.492] -    > {
   >   "jsonrpc": "2.0",
   >   "id": 197,
   >   "method": "eth_getTransactionCount",
   >   "params": [
   >     "0xb6b2b4af57ab855a0b28c474a45b46df019f05bf",
   >     "latest"
   >   ],
   >   "internal": true
   > }
[2022/03/10 20:04:08.493] -  <   {
 <     "id": 194,
 <     "jsonrpc": "2.0",
 <     "result": "0x6"
 <   }
[2022/03/10 20:04:08.495] - eth_getBalance
[2022/03/10 20:04:08.496] -    > {
   >   "jsonrpc": "2.0",
   >   "id": 198,
   >   "method": "eth_getBalance",
   >   "params": [
   >     "0xdff908c4b6e1baed0af22b63a116b0ba640ab4a1",
   >     "latest"
   >   ],
   >   "internal": true
   > }
[2022/03/10 20:04:08.500] - eth_getTransactionCount
[2022/03/10 20:04:08.501] -    > {
   >   "jsonrpc": "2.0",
   >   "id": 199,
   >   "method": "eth_getTransactionCount",
   >   "params": [
   >     "0xdff908c4b6e1baed0af22b63a116b0ba640ab4a1",
   >     "latest"
   >   ],
   >   "internal": true
   > }
[2022/03/10 20:04:08.502] - eth_getBalance
[2022/03/10 20:04:08.503] -    > {
   >   "jsonrpc": "2.0",
   >   "id": 200,
   >   "method": "eth_getBalance",
   >   "params": [
   >     "0x7a9ecbf6b8eda0fb08d0d6b2233179fc95a95f3d",
   >     "latest"
   >   ],
   >   "internal": true
   > }
[2022/03/10 20:04:08.504] - eth_getTransactionCount
[2022/03/10 20:04:08.505] -    > {
   >   "jsonrpc": "2.0",
   >   "id": 201,
   >   "method": "eth_getTransactionCount",
   >   "params": [
   >     "0x7a9ecbf6b8eda0fb08d0d6b2233179fc95a95f3d",
   >     "latest"
   >   ],
   >   "internal": true
   > }
[2022/03/10 20:04:08.506] -  <   {
 <     "id": 195,
 <     "jsonrpc": "2.0",
 <     "result": [
 <       "0xb6b2b4af57ab855a0b28c474a45b46df019f05bf",
 <       "0xdff908c4b6e1baed0af22b63a116b0ba640ab4a1",
 <       "0x7a9ecbf6b8eda0fb08d0d6b2233179fc95a95f3d",
 <       "0xe81f26e024c69488ef11e7364526c38c85b35cab",
 <       "0xda89e2c8b86f0fb6654da8576167ed9470f9822e",
 <       "0xe55fe5198fc36a19302f2bdf20664b5592f4e458",
 <       "0x076c32748b1837a1f3d78886d0609909b77e29d1",
 <       "0x10d5b2457c3295e9e213b4754e115a67ddec68ab",
 <       "0x322d77b905a4621da6e7cfbb3d27045fcb1fead4",
 <       "0x7c96e9f126fc34ce15e84037388e36cfeb05fdb5"
 <     ]
 <   }
[2022/03/10 20:04:08.508] - eth_getBalance
[2022/03/10 20:04:08.510] -    > {
   >   "jsonrpc": "2.0",
   >   "id": 202,
   >   "method": "eth_getBalance",
   >   "params": [
   >     "0xe81f26e024c69488ef11e7364526c38c85b35cab",
   >     "latest"
   >   ],
   >   "internal": true
   > }
[2022/03/10 20:04:08.511] - eth_getTransactionCount
[2022/03/10 20:04:08.513] -    > {
   >   "jsonrpc": "2.0",
   >   "id": 203,
   >   "method": "eth_getTransactionCount",
   >   "params": [
   >     "0xe81f26e024c69488ef11e7364526c38c85b35cab",
   >     "latest"
   >   ],
   >   "internal": true
   > }
[2022/03/10 20:04:08.518] - eth_getBalance
[2022/03/10 20:04:08.566] -    > {
   >   "jsonrpc": "2.0",
   >   "id": 204,
   >   "method": "eth_getBalance",
   >   "params": [
   >     "0xda89e2c8b86f0fb6654da8576167ed9470f9822e",
   >     "latest"
   >   ],
   >   "internal": true
   > }
[2022/03/10 20:04:08.567] - eth_getTransactionCount
[2022/03/10 20:04:08.569] -    > {
   >   "jsonrpc": "2.0",
   >   "id": 205,
   >   "method": "eth_getTransactionCount",
   >   "params": [
   >     "0xda89e2c8b86f0fb6654da8576167ed9470f9822e",
   >     "latest"
   >   ],
   >   "internal": true
   > }
[2022/03/10 20:04:08.572] - eth_getBalance
[2022/03/10 20:04:08.573] -    > {
   >   "jsonrpc": "2.0",
   >   "id": 206,
   >   "method": "eth_getBalance",
   >   "params": [
   >     "0xe55fe5198fc36a19302f2bdf20664b5592f4e458",
   >     "latest"
   >   ],
   >   "internal": true
   > }
[2022/03/10 20:04:08.574] - eth_getTransactionCount
[2022/03/10 20:04:08.576] -    > {
   >   "jsonrpc": "2.0",
   >   "id": 207,
   >   "method": "eth_getTransactionCount",
   >   "params": [
   >     "0xe55fe5198fc36a19302f2bdf20664b5592f4e458",
   >     "latest"
   >   ],
   >   "internal": true
   > }
[2022/03/10 20:04:08.577] - eth_getBalance
[2022/03/10 20:04:08.897] -    > {
   >   "jsonrpc": "2.0",
   >   "id": 208,
   >   "method": "eth_getBalance",
   >   "params": [
   >     "0x076c32748b1837a1f3d78886d0609909b77e29d1",
   >     "latest"
   >   ],
   >   "internal": true
   > }
[2022/03/10 20:04:08.898] - eth_getTransactionCount
[2022/03/10 20:04:08.899] -    > {
   >   "jsonrpc": "2.0",
   >   "id": 209,
   >   "method": "eth_getTransactionCount",
   >   "params": [
   >     "0x076c32748b1837a1f3d78886d0609909b77e29d1",
   >     "latest"
   >   ],
   >   "internal": true
   > }
[2022/03/10 20:04:08.900] - eth_getBalance
[2022/03/10 20:04:08.901] -    > {
   >   "jsonrpc": "2.0",
   >   "id": 210,
   >   "method": "eth_getBalance",
   >   "params": [
   >     "0x10d5b2457c3295e9e213b4754e115a67ddec68ab",
   >     "latest"
   >   ],
   >   "internal": true
   > }
[2022/03/10 20:04:08.902] - eth_getTransactionCount
[2022/03/10 20:04:08.903] -    > {
   >   "jsonrpc": "2.0",
   >   "id": 211,
   >   "method": "eth_getTransactionCount",
   >   "params": [
   >     "0x10d5b2457c3295e9e213b4754e115a67ddec68ab",
   >     "latest"
   >   ],
   >   "internal": true
   > }
[2022/03/10 20:04:08.904] - eth_getBalance
[2022/03/10 20:04:08.905] -    > {
   >   "jsonrpc": "2.0",
   >   "id": 212,
   >   "method": "eth_getBalance",
   >   "params": [
   >     "0x322d77b905a4621da6e7cfbb3d27045fcb1fead4",
   >     "latest"
   >   ],
   >   "internal": true
   > }
[2022/03/10 20:04:08.906] - eth_getTransactionCount
[2022/03/10 20:04:08.907] -    > {
   >   "jsonrpc": "2.0",
   >   "id": 213,
   >   "method": "eth_getTransactionCount",
   >   "params": [
   >     "0x322d77b905a4621da6e7cfbb3d27045fcb1fead4",
   >     "latest"
   >   ],
   >   "internal": true
   > }
[2022/03/10 20:04:08.909] - eth_getBalance
[2022/03/10 20:04:08.910] -    > {
   >   "jsonrpc": "2.0",
   >   "id": 214,
   >   "method": "eth_getBalance",
   >   "params": [
   >     "0x7c96e9f126fc34ce15e84037388e36cfeb05fdb5",
   >     "latest"
   >   ],
   >   "internal": true
   > }
[2022/03/10 20:04:08.911] - eth_getTransactionCount
[2022/03/10 20:04:08.913] -    > {
   >   "jsonrpc": "2.0",
   >   "id": 215,
   >   "method": "eth_getTransactionCount",
   >   "params": [
   >     "0x7c96e9f126fc34ce15e84037388e36cfeb05fdb5",
   >     "latest"
   >   ],
   >   "internal": true
   > }
[2022/03/10 20:04:08.914] - eth_getBalance
[2022/03/10 20:04:08.915] -    > {
   >   "jsonrpc": "2.0",
   >   "id": 217,
   >   "method": "eth_getBalance",
   >   "params": [
   >     "0xb6b2b4af57ab855a0b28c474a45b46df019f05bf",
   >     "latest"
   >   ],
   >   "internal": true
   > }
[2022/03/10 20:04:08.916] - eth_getTransactionCount
[2022/03/10 20:04:08.917] -    > {
   >   "jsonrpc": "2.0",
   >   "id": 218,
   >   "method": "eth_getTransactionCount",
   >   "params": [
   >     "0xb6b2b4af57ab855a0b28c474a45b46df019f05bf",
   >     "latest"
   >   ],
   >   "internal": true
   > }
[2022/03/10 20:04:08.918] - eth_getBalance
[2022/03/10 20:04:08.919] -    > {
   >   "jsonrpc": "2.0",
   >   "id": 219,
   >   "method": "eth_getBalance",
   >   "params": [
   >     "0xdff908c4b6e1baed0af22b63a116b0ba640ab4a1",
   >     "latest"
   >   ],
   >   "internal": true
   > }
[2022/03/10 20:04:08.920] - eth_getTransactionCount
[2022/03/10 20:04:08.921] -    > {
   >   "jsonrpc": "2.0",
   >   "id": 220,
   >   "method": "eth_getTransactionCount",
   >   "params": [
   >     "0xdff908c4b6e1baed0af22b63a116b0ba640ab4a1",
   >     "latest"
   >   ],
   >   "internal": true
   > }
[2022/03/10 20:04:08.922] - eth_getBalance
[2022/03/10 20:04:08.923] -    > {
   >   "jsonrpc": "2.0",
   >   "id": 221,
   >   "method": "eth_getBalance",
   >   "params": [
   >     "0x7a9ecbf6b8eda0fb08d0d6b2233179fc95a95f3d",
   >     "latest"
   >   ],
   >   "internal": true
   > }
[2022/03/10 20:04:08.924] - eth_getTransactionCount
[2022/03/10 20:04:08.925] -    > {
   >   "jsonrpc": "2.0",
   >   "id": 222,
   >   "method": "eth_getTransactionCount",
   >   "params": [
   >     "0x7a9ecbf6b8eda0fb08d0d6b2233179fc95a95f3d",
   >     "latest"
   >   ],
   >   "internal": true
   > }
[2022/03/10 20:04:08.926] - eth_getBalance
[2022/03/10 20:04:08.927] -    > {
   >   "jsonrpc": "2.0",
   >   "id": 223,
   >   "method": "eth_getBalance",
   >   "params": [
   >     "0xe81f26e024c69488ef11e7364526c38c85b35cab",
   >     "latest"
   >   ],
   >   "internal": true
   > }
[2022/03/10 20:04:08.928] - eth_getTransactionCount
[2022/03/10 20:04:08.929] -    > {
   >   "jsonrpc": "2.0",
   >   "id": 224,
   >   "method": "eth_getTransactionCount",
   >   "params": [
   >     "0xe81f26e024c69488ef11e7364526c38c85b35cab",
   >     "latest"
   >   ],
   >   "internal": true
   > }
[2022/03/10 20:04:08.930] - eth_getBalance
[2022/03/10 20:04:08.931] -    > {
   >   "jsonrpc": "2.0",
   >   "id": 225,
   >   "method": "eth_getBalance",
   >   "params": [
   >     "0xda89e2c8b86f0fb6654da8576167ed9470f9822e",
   >     "latest"
   >   ],
   >   "internal": true
   > }
[2022/03/10 20:04:08.933] -  <   {
 <     "id": 196,
 <     "jsonrpc": "2.0",
 <     "result": "0x56bc75e2d63100000"
 <   }
[2022/03/10 20:04:08.938] - eth_getTransactionCount
[2022/03/10 20:04:08.939] -    > {
   >   "jsonrpc": "2.0",
   >   "id": 226,
   >   "method": "eth_getTransactionCount",
   >   "params": [
   >     "0xda89e2c8b86f0fb6654da8576167ed9470f9822e",
   >     "latest"
   >   ],
   >   "internal": true
   > }
[2022/03/10 20:04:08.941] - eth_getBalance
[2022/03/10 20:04:08.942] -    > {
   >   "jsonrpc": "2.0",
   >   "id": 227,
   >   "method": "eth_getBalance",
   >   "params": [
   >     "0xe55fe5198fc36a19302f2bdf20664b5592f4e458",
   >     "latest"
   >   ],
   >   "internal": true
   > }
[2022/03/10 20:04:08.944] - eth_getTransactionCount
[2022/03/10 20:04:08.945] -    > {
   >   "jsonrpc": "2.0",
   >   "id": 228,
   >   "method": "eth_getTransactionCount",
   >   "params": [
   >     "0xe55fe5198fc36a19302f2bdf20664b5592f4e458",
   >     "latest"
   >   ],
   >   "internal": true
   > }
[2022/03/10 20:04:08.950] -  <   {
 <     "id": 197,
 <     "jsonrpc": "2.0",
 <     "result": "0x0"
 <   }
[2022/03/10 20:04:08.952] - eth_getBalance
[2022/03/10 20:04:08.953] -    > {
   >   "jsonrpc": "2.0",
   >   "id": 229,
   >   "method": "eth_getBalance",
   >   "params": [
   >     "0x076c32748b1837a1f3d78886d0609909b77e29d1",
   >     "latest"
   >   ],
   >   "internal": true
   > }
[2022/03/10 20:04:08.954] - eth_getTransactionCount
[2022/03/10 20:04:08.955] -    > {
   >   "jsonrpc": "2.0",
   >   "id": 230,
   >   "method": "eth_getTransactionCount",
   >   "params": [
   >     "0x076c32748b1837a1f3d78886d0609909b77e29d1",
   >     "latest"
   >   ],
   >   "internal": true
   > }
[2022/03/10 20:04:08.957] - eth_getBalance
[2022/03/10 20:04:08.959] -    > {
   >   "jsonrpc": "2.0",
   >   "id": 231,
   >   "method": "eth_getBalance",
   >   "params": [
   >     "0x10d5b2457c3295e9e213b4754e115a67ddec68ab",
   >     "latest"
   >   ],
   >   "internal": true
   > }
[2022/03/10 20:04:08.962] - eth_getTransactionCount
[2022/03/10 20:04:08.963] -    > {
   >   "jsonrpc": "2.0",
   >   "id": 232,
   >   "method": "eth_getTransactionCount",
   >   "params": [
   >     "0x10d5b2457c3295e9e213b4754e115a67ddec68ab",
   >     "latest"
   >   ],
   >   "internal": true
   > }
[2022/03/10 20:04:08.966] - eth_getBalance
[2022/03/10 20:04:08.967] -    > {
   >   "jsonrpc": "2.0",
   >   "id": 233,
   >   "method": "eth_getBalance",
   >   "params": [
   >     "0x322d77b905a4621da6e7cfbb3d27045fcb1fead4",
   >     "latest"
   >   ],
   >   "internal": true
   > }
[2022/03/10 20:04:08.968] - eth_getTransactionCount
[2022/03/10 20:04:08.969] -    > {
   >   "jsonrpc": "2.0",
   >   "id": 234,
   >   "method": "eth_getTransactionCount",
   >   "params": [
   >     "0x322d77b905a4621da6e7cfbb3d27045fcb1fead4",
   >     "latest"
   >   ],
   >   "internal": true
   > }
[2022/03/10 20:04:08.975] - eth_getBalance
[2022/03/10 20:04:08.976] -    > {
   >   "jsonrpc": "2.0",
   >   "id": 235,
   >   "method": "eth_getBalance",
   >   "params": [
   >     "0x7c96e9f126fc34ce15e84037388e36cfeb05fdb5",
   >     "latest"
   >   ],
   >   "internal": true
   > }
[2022/03/10 20:04:08.977] - eth_getTransactionCount
[2022/03/10 20:04:08.978] -    > {
   >   "jsonrpc": "2.0",
   >   "id": 236,
   >   "method": "eth_getTransactionCount",
   >   "params": [
   >     "0x7c96e9f126fc34ce15e84037388e36cfeb05fdb5",
   >     "latest"
   >   ],
   >   "internal": true
   > }
[2022/03/10 20:04:08.979] - eth_getBalance
[2022/03/10 20:04:08.980] -    > {
   >   "jsonrpc": "2.0",
   >   "id": 237,
   >   "method": "eth_getBalance",
   >   "params": [
   >     "0xb6b2b4af57ab855a0b28c474a45b46df019f05bf",
   >     "latest"
   >   ],
   >   "internal": true
   > }
[2022/03/10 20:04:08.981] - eth_getTransactionCount
[2022/03/10 20:04:08.982] -    > {
   >   "jsonrpc": "2.0",
   >   "id": 238,
   >   "method": "eth_getTransactionCount",
   >   "params": [
   >     "0xb6b2b4af57ab855a0b28c474a45b46df019f05bf",
   >     "latest"
   >   ],
   >   "internal": true
   > }
[2022/03/10 20:04:08.984] - eth_getBalance
[2022/03/10 20:04:08.985] -    > {
   >   "jsonrpc": "2.0",
   >   "id": 239,
   >   "method": "eth_getBalance",
   >   "params": [
   >     "0xdff908c4b6e1baed0af22b63a116b0ba640ab4a1",
   >     "latest"
   >   ],
   >   "internal": true
   > }
[2022/03/10 20:04:08.986] - eth_getTransactionCount
[2022/03/10 20:04:08.987] -    > {
   >   "jsonrpc": "2.0",
   >   "id": 240,
   >   "method": "eth_getTransactionCount",
   >   "params": [
   >     "0xdff908c4b6e1baed0af22b63a116b0ba640ab4a1",
   >     "latest"
   >   ],
   >   "internal": true
   > }
[2022/03/10 20:04:08.994] - eth_getBalance
[2022/03/10 20:04:08.995] -    > {
   >   "jsonrpc": "2.0",
   >   "id": 241,
   >   "method": "eth_getBalance",
   >   "params": [
   >     "0x7a9ecbf6b8eda0fb08d0d6b2233179fc95a95f3d",
   >     "latest"
   >   ],
   >   "internal": true
   > }
[2022/03/10 20:04:08.996] - eth_getTransactionCount
[2022/03/10 20:04:08.997] -    > {
   >   "jsonrpc": "2.0",
   >   "id": 242,
   >   "method": "eth_getTransactionCount",
   >   "params": [
   >     "0x7a9ecbf6b8eda0fb08d0d6b2233179fc95a95f3d",
   >     "latest"
   >   ],
   >   "internal": true
   > }
[2022/03/10 20:04:08.998] - eth_getBalance
[2022/03/10 20:04:08.999] -    > {
   >   "jsonrpc": "2.0",
   >   "id": 243,
   >   "method": "eth_getBalance",
   >   "params": [
   >     "0xe81f26e024c69488ef11e7364526c38c85b35cab",
   >     "latest"
   >   ],
   >   "internal": true
   > }
[2022/03/10 20:04:09.000] - eth_getTransactionCount
[2022/03/10 20:04:09.001] -    > {
   >   "jsonrpc": "2.0",
   >   "id": 244,
   >   "method": "eth_getTransactionCount",
   >   "params": [
   >     "0xe81f26e024c69488ef11e7364526c38c85b35cab",
   >     "latest"
   >   ],
   >   "internal": true
   > }
[2022/03/10 20:04:09.002] - eth_getBalance
[2022/03/10 20:04:09.003] -    > {
   >   "jsonrpc": "2.0",
   >   "id": 245,
   >   "method": "eth_getBalance",
   >   "params": [
   >     "0xda89e2c8b86f0fb6654da8576167ed9470f9822e",
   >     "latest"
   >   ],
   >   "internal": true
   > }
[2022/03/10 20:04:09.004] - eth_getTransactionCount
[2022/03/10 20:04:09.005] -    > {
   >   "jsonrpc": "2.0",
   >   "id": 246,
   >   "method": "eth_getTransactionCount",
   >   "params": [
   >     "0xda89e2c8b86f0fb6654da8576167ed9470f9822e",
   >     "latest"
   >   ],
   >   "internal": true
   > }
[2022/03/10 20:04:09.006] - eth_getBalance
[2022/03/10 20:04:09.006] -    > {
   >   "jsonrpc": "2.0",
   >   "id": 247,
   >   "method": "eth_getBalance",
   >   "params": [
   >     "0xe55fe5198fc36a19302f2bdf20664b5592f4e458",
   >     "latest"
   >   ],
   >   "internal": true
   > }
[2022/03/10 20:04:09.008] - eth_getTransactionCount
[2022/03/10 20:04:09.009] -    > {
   >   "jsonrpc": "2.0",
   >   "id": 248,
   >   "method": "eth_getTransactionCount",
   >   "params": [
   >     "0xe55fe5198fc36a19302f2bdf20664b5592f4e458",
   >     "latest"
   >   ],
   >   "internal": true
   > }
[2022/03/10 20:04:09.010] - eth_getBalance
[2022/03/10 20:04:09.011] -    > {
   >   "jsonrpc": "2.0",
   >   "id": 249,
   >   "method": "eth_getBalance",
   >   "params": [
   >     "0x076c32748b1837a1f3d78886d0609909b77e29d1",
   >     "latest"
   >   ],
   >   "internal": true
   > }
[2022/03/10 20:04:09.012] - eth_getTransactionCount
[2022/03/10 20:04:09.013] -    > {
   >   "jsonrpc": "2.0",
   >   "id": 250,
   >   "method": "eth_getTransactionCount",
   >   "params": [
   >     "0x076c32748b1837a1f3d78886d0609909b77e29d1",
   >     "latest"
   >   ],
   >   "internal": true
   > }
[2022/03/10 20:04:09.014] - eth_getBalance
[2022/03/10 20:04:09.015] -    > {
   >   "jsonrpc": "2.0",
   >   "id": 251,
   >   "method": "eth_getBalance",
   >   "params": [
   >     "0x10d5b2457c3295e9e213b4754e115a67ddec68ab",
   >     "latest"
   >   ],
   >   "internal": true
   > }
[2022/03/10 20:04:09.016] - eth_getTransactionCount
[2022/03/10 20:04:09.017] -    > {
   >   "jsonrpc": "2.0",
   >   "id": 252,
   >   "method": "eth_getTransactionCount",
   >   "params": [
   >     "0x10d5b2457c3295e9e213b4754e115a67ddec68ab",
   >     "latest"
   >   ],
   >   "internal": true
   > }
[2022/03/10 20:04:09.018] - eth_getBalance
[2022/03/10 20:04:09.019] -    > {
   >   "jsonrpc": "2.0",
   >   "id": 253,
   >   "method": "eth_getBalance",
   >   "params": [
   >     "0x322d77b905a4621da6e7cfbb3d27045fcb1fead4",
   >     "latest"
   >   ],
   >   "internal": true
   > }
[2022/03/10 20:04:09.020] - eth_getTransactionCount
[2022/03/10 20:04:09.021] -    > {
   >   "jsonrpc": "2.0",
   >   "id": 254,
   >   "method": "eth_getTransactionCount",
   >   "params": [
   >     "0x322d77b905a4621da6e7cfbb3d27045fcb1fead4",
   >     "latest"
   >   ],
   >   "internal": true
   > }
[2022/03/10 20:04:09.022] - eth_getBalance
[2022/03/10 20:04:09.023] -    > {
   >   "jsonrpc": "2.0",
   >   "id": 255,
   >   "method": "eth_getBalance",
   >   "params": [
   >     "0x7c96e9f126fc34ce15e84037388e36cfeb05fdb5",
   >     "latest"
   >   ],
   >   "internal": true
   > }
[2022/03/10 20:04:09.024] - eth_getTransactionCount
[2022/03/10 20:04:09.025] -    > {
   >   "jsonrpc": "2.0",
   >   "id": 256,
   >   "method": "eth_getTransactionCount",
   >   "params": [
   >     "0x7c96e9f126fc34ce15e84037388e36cfeb05fdb5",
   >     "latest"
   >   ],
   >   "internal": true
   > }
[2022/03/10 20:04:09.026] - eth_getBalance
[2022/03/10 20:04:09.027] -    > {
   >   "jsonrpc": "2.0",
   >   "id": 257,
   >   "method": "eth_getBalance",
   >   "params": [
   >     "0xb6b2b4af57ab855a0b28c474a45b46df019f05bf",
   >     "latest"
   >   ],
   >   "internal": true
   > }
[2022/03/10 20:04:09.029] - eth_getTransactionCount
[2022/03/10 20:04:09.029] -    > {
   >   "jsonrpc": "2.0",
   >   "id": 258,
   >   "method": "eth_getTransactionCount",
   >   "params": [
   >     "0xb6b2b4af57ab855a0b28c474a45b46df019f05bf",
   >     "latest"
   >   ],
   >   "internal": true
   > }
[2022/03/10 20:04:09.031] - eth_getBalance
[2022/03/10 20:04:09.031] -    > {
   >   "jsonrpc": "2.0",
   >   "id": 259,
   >   "method": "eth_getBalance",
   >   "params": [
   >     "0xdff908c4b6e1baed0af22b63a116b0ba640ab4a1",
   >     "latest"
   >   ],
   >   "internal": true
   > }
[2022/03/10 20:04:09.032] - eth_getTransactionCount
[2022/03/10 20:04:09.033] -    > {
   >   "jsonrpc": "2.0",
   >   "id": 260,
   >   "method": "eth_getTransactionCount",
   >   "params": [
   >     "0xdff908c4b6e1baed0af22b63a116b0ba640ab4a1",
   >     "latest"
   >   ],
   >   "internal": true
   > }
[2022/03/10 20:04:09.034] - eth_getBalance
[2022/03/10 20:04:09.035] -    > {
   >   "jsonrpc": "2.0",
   >   "id": 261,
   >   "method": "eth_getBalance",
   >   "params": [
   >     "0x7a9ecbf6b8eda0fb08d0d6b2233179fc95a95f3d",
   >     "latest"
   >   ],
   >   "internal": true
   > }
[2022/03/10 20:04:09.036] - eth_getTransactionCount
[2022/03/10 20:04:09.037] -    > {
   >   "jsonrpc": "2.0",
   >   "id": 262,
   >   "method": "eth_getTransactionCount",
   >   "params": [
   >     "0x7a9ecbf6b8eda0fb08d0d6b2233179fc95a95f3d",
   >     "latest"
   >   ],
   >   "internal": true
   > }
[2022/03/10 20:04:09.038] - eth_getBalance
[2022/03/10 20:04:09.040] -    > {
   >   "jsonrpc": "2.0",
   >   "id": 263,
   >   "method": "eth_getBalance",
   >   "params": [
   >     "0xe81f26e024c69488ef11e7364526c38c85b35cab",
   >     "latest"
   >   ],
   >   "internal": true
   > }
[2022/03/10 20:04:09.041] - eth_getTransactionCount
[2022/03/10 20:04:09.042] -    > {
   >   "jsonrpc": "2.0",
   >   "id": 264,
   >   "method": "eth_getTransactionCount",
   >   "params": [
   >     "0xe81f26e024c69488ef11e7364526c38c85b35cab",
   >     "latest"
   >   ],
   >   "internal": true
   > }
[2022/03/10 20:04:09.043] - eth_getBalance
[2022/03/10 20:04:09.044] -    > {
   >   "jsonrpc": "2.0",
   >   "id": 265,
   >   "method": "eth_getBalance",
   >   "params": [
   >     "0xda89e2c8b86f0fb6654da8576167ed9470f9822e",
   >     "latest"
   >   ],
   >   "internal": true
   > }
[2022/03/10 20:04:09.045] - eth_getTransactionCount
[2022/03/10 20:04:09.046] -    > {
   >   "jsonrpc": "2.0",
   >   "id": 266,
   >   "method": "eth_getTransactionCount",
   >   "params": [
   >     "0xda89e2c8b86f0fb6654da8576167ed9470f9822e",
   >     "latest"
   >   ],
   >   "internal": true
   > }
[2022/03/10 20:04:09.047] - eth_getBalance
[2022/03/10 20:04:09.048] -    > {
   >   "jsonrpc": "2.0",
   >   "id": 267,
   >   "method": "eth_getBalance",
   >   "params": [
   >     "0xe55fe5198fc36a19302f2bdf20664b5592f4e458",
   >     "latest"
   >   ],
   >   "internal": true
   > }
[2022/03/10 20:04:09.049] - eth_getTransactionCount
[2022/03/10 20:04:09.049] -    > {
   >   "jsonrpc": "2.0",
   >   "id": 268,
   >   "method": "eth_getTransactionCount",
   >   "params": [
   >     "0xe55fe5198fc36a19302f2bdf20664b5592f4e458",
   >     "latest"
   >   ],
   >   "internal": true
   > }
[2022/03/10 20:04:09.050] - eth_getBalance
[2022/03/10 20:04:09.051] -    > {
   >   "jsonrpc": "2.0",
   >   "id": 269,
   >   "method": "eth_getBalance",
   >   "params": [
   >     "0x076c32748b1837a1f3d78886d0609909b77e29d1",
   >     "latest"
   >   ],
   >   "internal": true
   > }
[2022/03/10 20:04:09.052] - eth_getTransactionCount
[2022/03/10 20:04:09.053] -    > {
   >   "jsonrpc": "2.0",
   >   "id": 270,
   >   "method": "eth_getTransactionCount",
   >   "params": [
   >     "0x076c32748b1837a1f3d78886d0609909b77e29d1",
   >     "latest"
   >   ],
   >   "internal": true
   > }
[2022/03/10 20:04:09.054] - eth_getBalance
[2022/03/10 20:04:09.056] -    > {
   >   "jsonrpc": "2.0",
   >   "id": 271,
   >   "method": "eth_getBalance",
   >   "params": [
   >     "0x10d5b2457c3295e9e213b4754e115a67ddec68ab",
   >     "latest"
   >   ],
   >   "internal": true
   > }
[2022/03/10 20:04:09.058] - eth_getTransactionCount
[2022/03/10 20:04:09.059] -    > {
   >   "jsonrpc": "2.0",
   >   "id": 272,
   >   "method": "eth_getTransactionCount",
   >   "params": [
   >     "0x10d5b2457c3295e9e213b4754e115a67ddec68ab",
   >     "latest"
   >   ],
   >   "internal": true
   > }
[2022/03/10 20:04:09.060] - eth_getBalance
[2022/03/10 20:04:09.061] -    > {
   >   "jsonrpc": "2.0",
   >   "id": 273,
   >   "method": "eth_getBalance",
   >   "params": [
   >     "0x322d77b905a4621da6e7cfbb3d27045fcb1fead4",
   >     "latest"
   >   ],
   >   "internal": true
   > }
[2022/03/10 20:04:09.062] - eth_getTransactionCount
[2022/03/10 20:04:09.063] -    > {
   >   "jsonrpc": "2.0",
   >   "id": 274,
   >   "method": "eth_getTransactionCount",
   >   "params": [
   >     "0x322d77b905a4621da6e7cfbb3d27045fcb1fead4",
   >     "latest"
   >   ],
   >   "internal": true
   > }
[2022/03/10 20:04:09.064] - eth_getBalance
[2022/03/10 20:04:09.065] -    > {
   >   "jsonrpc": "2.0",
   >   "id": 275,
   >   "method": "eth_getBalance",
   >   "params": [
   >     "0x7c96e9f126fc34ce15e84037388e36cfeb05fdb5",
   >     "latest"
   >   ],
   >   "internal": true
   > }
[2022/03/10 20:04:09.066] - eth_getTransactionCount
[2022/03/10 20:04:09.067] -    > {
   >   "jsonrpc": "2.0",
   >   "id": 276,
   >   "method": "eth_getTransactionCount",
   >   "params": [
   >     "0x7c96e9f126fc34ce15e84037388e36cfeb05fdb5",
   >     "latest"
   >   ],
   >   "internal": true
   > }
[2022/03/10 20:04:09.225] -  <   {
 <     "id": 198,
 <     "jsonrpc": "2.0",
 <     "result": "0x56bc75e2d63100000"
 <   }
[2022/03/10 20:04:09.379] -  <   {
 <     "id": 199,
 <     "jsonrpc": "2.0",
 <     "result": "0x0"
 <   }
[2022/03/10 20:04:09.556] -  <   {
 <     "id": 200,
 <     "jsonrpc": "2.0",
 <     "result": "0x56bc75e2d63100000"
 <   }
[2022/03/10 20:04:09.558] -  <   {
 <     "id": 201,
 <     "jsonrpc": "2.0",
 <     "result": "0x0"
 <   }
[2022/03/10 20:04:09.562] -  <   {
 <     "id": 202,
 <     "jsonrpc": "2.0",
 <     "result": "0x56bc75e2d63100000"
 <   }
[2022/03/10 20:04:09.566] -  <   {
 <     "id": 203,
 <     "jsonrpc": "2.0",
 <     "result": "0x0"
 <   }
[2022/03/10 20:04:09.570] -  <   {
 <     "id": 204,
 <     "jsonrpc": "2.0",
 <     "result": "0x56bc75e2d63100000"
 <   }
[2022/03/10 20:04:09.572] -  <   {
 <     "id": 205,
 <     "jsonrpc": "2.0",
 <     "result": "0x0"
 <   }
[2022/03/10 20:04:09.576] -  <   {
 <     "id": 206,
 <     "jsonrpc": "2.0",
 <     "result": "0x56bc75e2d63100000"
 <   }
[2022/03/10 20:04:09.580] -  <   {
 <     "id": 207,
 <     "jsonrpc": "2.0",
 <     "result": "0x0"
 <   }
[2022/03/10 20:04:09.584] -  <   {
 <     "id": 208,
 <     "jsonrpc": "2.0",
 <     "result": "0x56bc75e2d63100000"
 <   }
[2022/03/10 20:04:09.588] -  <   {
 <     "id": 209,
 <     "jsonrpc": "2.0",
 <     "result": "0x0"
 <   }
[2022/03/10 20:04:09.593] -  <   {
 <     "id": 210,
 <     "jsonrpc": "2.0",
 <     "result": "0x56bc75e2d63100000"
 <   }
[2022/03/10 20:04:09.596] -  <   {
 <     "id": 211,
 <     "jsonrpc": "2.0",
 <     "result": "0x0"
 <   }
[2022/03/10 20:04:09.600] -  <   {
 <     "id": 212,
 <     "jsonrpc": "2.0",
 <     "result": "0x56bc75e2d63100000"
 <   }
[2022/03/10 20:04:09.604] -  <   {
 <     "id": 213,
 <     "jsonrpc": "2.0",
 <     "result": "0x0"
 <   }
[2022/03/10 20:04:09.608] -  <   {
 <     "id": 214,
 <     "jsonrpc": "2.0",
 <     "result": "0x56bc75e2d63100000"
 <   }
[2022/03/10 20:04:09.611] -  <   {
 <     "id": 215,
 <     "jsonrpc": "2.0",
 <     "result": "0x0"
 <   }
[2022/03/10 20:04:09.615] -  <   {
 <     "id": 217,
 <     "jsonrpc": "2.0",
 <     "result": "0x56bc75e2d63100000"
 <   }
[2022/03/10 20:04:09.619] -  <   {
 <     "id": 218,
 <     "jsonrpc": "2.0",
 <     "result": "0x0"
 <   }
[2022/03/10 20:04:09.624] -  <   {
 <     "id": 219,
 <     "jsonrpc": "2.0",
 <     "result": "0x56bc75e2d63100000"
 <   }
[2022/03/10 20:04:09.627] -  <   {
 <     "id": 220,
 <     "jsonrpc": "2.0",
 <     "result": "0x0"
 <   }
[2022/03/10 20:04:09.631] -  <   {
 <     "id": 221,
 <     "jsonrpc": "2.0",
 <     "result": "0x56bc75e2d63100000"
 <   }
[2022/03/10 20:04:09.635] -  <   {
 <     "id": 222,
 <     "jsonrpc": "2.0",
 <     "result": "0x0"
 <   }
[2022/03/10 20:04:09.639] -  <   {
 <     "id": 223,
 <     "jsonrpc": "2.0",
 <     "result": "0x56bc75e2d63100000"
 <   }
[2022/03/10 20:04:09.644] -  <   {
 <     "id": 224,
 <     "jsonrpc": "2.0",
 <     "result": "0x0"
 <   }
[2022/03/10 20:04:09.647] -  <   {
 <     "id": 225,
 <     "jsonrpc": "2.0",
 <     "result": "0x56bc75e2d63100000"
 <   }
[2022/03/10 20:04:09.651] -  <   {
 <     "id": 226,
 <     "jsonrpc": "2.0",
 <     "result": "0x0"
 <   }
[2022/03/10 20:04:09.654] -  <   {
 <     "id": 227,
 <     "jsonrpc": "2.0",
 <     "result": "0x56bc75e2d63100000"
 <   }
[2022/03/10 20:04:09.658] -  <   {
 <     "id": 228,
 <     "jsonrpc": "2.0",
 <     "result": "0x0"
 <   }
[2022/03/10 20:04:09.662] -  <   {
 <     "id": 229,
 <     "jsonrpc": "2.0",
 <     "result": "0x56bc75e2d63100000"
 <   }
[2022/03/10 20:04:09.664] -  <   {
 <     "id": 230,
 <     "jsonrpc": "2.0",
 <     "result": "0x0"
 <   }
[2022/03/10 20:04:09.668] -  <   {
 <     "id": 231,
 <     "jsonrpc": "2.0",
 <     "result": "0x56bc75e2d63100000"
 <   }
[2022/03/10 20:04:09.671] -  <   {
 <     "id": 232,
 <     "jsonrpc": "2.0",
 <     "result": "0x0"
 <   }
[2022/03/10 20:04:09.675] -  <   {
 <     "id": 233,
 <     "jsonrpc": "2.0",
 <     "result": "0x56bc75e2d63100000"
 <   }
[2022/03/10 20:04:09.679] -  <   {
 <     "id": 234,
 <     "jsonrpc": "2.0",
 <     "result": "0x0"
 <   }
[2022/03/10 20:04:09.682] -  <   {
 <     "id": 235,
 <     "jsonrpc": "2.0",
 <     "result": "0x56bc75e2d63100000"
 <   }
[2022/03/10 20:04:09.685] -  <   {
 <     "id": 236,
 <     "jsonrpc": "2.0",
 <     "result": "0x0"
 <   }
[2022/03/10 20:04:09.689] -  <   {
 <     "id": 237,
 <     "jsonrpc": "2.0",
 <     "result": "0x56bc75e2d63100000"
 <   }
[2022/03/10 20:04:09.692] -  <   {
 <     "id": 238,
 <     "jsonrpc": "2.0",
 <     "result": "0x0"
 <   }
[2022/03/10 20:04:09.695] -  <   {
 <     "id": 239,
 <     "jsonrpc": "2.0",
 <     "result": "0x56bc75e2d63100000"
 <   }
[2022/03/10 20:04:09.698] -  <   {
 <     "id": 240,
 <     "jsonrpc": "2.0",
 <     "result": "0x0"
 <   }
[2022/03/10 20:04:09.701] -  <   {
 <     "id": 241,
 <     "jsonrpc": "2.0",
 <     "result": "0x56bc75e2d63100000"
 <   }
[2022/03/10 20:04:09.705] -  <   {
 <     "id": 242,
 <     "jsonrpc": "2.0",
 <     "result": "0x0"
 <   }
[2022/03/10 20:04:09.709] -  <   {
 <     "id": 243,
 <     "jsonrpc": "2.0",
 <     "result": "0x56bc75e2d63100000"
 <   }
[2022/03/10 20:04:09.712] -  <   {
 <     "id": 244,
 <     "jsonrpc": "2.0",
 <     "result": "0x0"
 <   }
[2022/03/10 20:04:09.716] -  <   {
 <     "id": 245,
 <     "jsonrpc": "2.0",
 <     "result": "0x56bc75e2d63100000"
 <   }
[2022/03/10 20:04:09.720] -  <   {
 <     "id": 246,
 <     "jsonrpc": "2.0",
 <     "result": "0x0"
 <   }
[2022/03/10 20:04:09.723] -  <   {
 <     "id": 247,
 <     "jsonrpc": "2.0",
 <     "result": "0x56bc75e2d63100000"
 <   }
[2022/03/10 20:04:09.727] -  <   {
 <     "id": 248,
 <     "jsonrpc": "2.0",
 <     "result": "0x0"
 <   }
[2022/03/10 20:04:09.731] -  <   {
 <     "id": 249,
 <     "jsonrpc": "2.0",
 <     "result": "0x56bc75e2d63100000"
 <   }
[2022/03/10 20:04:09.735] -  <   {
 <     "id": 250,
 <     "jsonrpc": "2.0",
 <     "result": "0x0"
 <   }
[2022/03/10 20:04:09.738] -  <   {
 <     "id": 251,
 <     "jsonrpc": "2.0",
 <     "result": "0x56bc75e2d63100000"
 <   }
[2022/03/10 20:04:09.741] -  <   {
 <     "id": 252,
 <     "jsonrpc": "2.0",
 <     "result": "0x0"
 <   }
[2022/03/10 20:04:09.744] -  <   {
 <     "id": 253,
 <     "jsonrpc": "2.0",
 <     "result": "0x56bc75e2d63100000"
 <   }
[2022/03/10 20:04:09.747] -  <   {
 <     "id": 254,
 <     "jsonrpc": "2.0",
 <     "result": "0x0"
 <   }
[2022/03/10 20:04:09.752] -  <   {
 <     "id": 255,
 <     "jsonrpc": "2.0",
 <     "result": "0x56bc75e2d63100000"
 <   }
[2022/03/10 20:04:09.754] -  <   {
 <     "id": 256,
 <     "jsonrpc": "2.0",
 <     "result": "0x0"
 <   }
[2022/03/10 20:04:09.757] -  <   {
 <     "id": 257,
 <     "jsonrpc": "2.0",
 <     "result": "0x56bc75e2d63100000"
 <   }
[2022/03/10 20:04:09.763] -  <   {
 <     "id": 258,
 <     "jsonrpc": "2.0",
 <     "result": "0x0"
 <   }
[2022/03/10 20:04:09.779] -  <   {
 <     "id": 259,
 <     "jsonrpc": "2.0",
 <     "result": "0x56bc75e2d63100000"
 <   }
[2022/03/10 20:04:09.783] -  <   {
 <     "id": 260,
 <     "jsonrpc": "2.0",
 <     "result": "0x0"
 <   }
[2022/03/10 20:04:09.786] -  <   {
 <     "id": 261,
 <     "jsonrpc": "2.0",
 <     "result": "0x56bc75e2d63100000"
 <   }
[2022/03/10 20:04:09.790] -  <   {
 <     "id": 262,
 <     "jsonrpc": "2.0",
 <     "result": "0x0"
 <   }
[2022/03/10 20:04:09.794] -  <   {
 <     "id": 263,
 <     "jsonrpc": "2.0",
 <     "result": "0x56bc75e2d63100000"
 <   }
[2022/03/10 20:04:09.796] -  <   {
 <     "id": 264,
 <     "jsonrpc": "2.0",
 <     "result": "0x0"
 <   }
[2022/03/10 20:04:09.799] -  <   {
 <     "id": 265,
 <     "jsonrpc": "2.0",
 <     "result": "0x56bc75e2d63100000"
 <   }
[2022/03/10 20:04:09.803] -  <   {
 <     "id": 266,
 <     "jsonrpc": "2.0",
 <     "result": "0x0"
 <   }
[2022/03/10 20:04:09.806] -  <   {
 <     "id": 267,
 <     "jsonrpc": "2.0",
 <     "result": "0x56bc75e2d63100000"
 <   }
[2022/03/10 20:04:09.809] -  <   {
 <     "id": 268,
 <     "jsonrpc": "2.0",
 <     "result": "0x0"
 <   }
[2022/03/10 20:04:09.812] -  <   {
 <     "id": 269,
 <     "jsonrpc": "2.0",
 <     "result": "0x56bc75e2d63100000"
 <   }
[2022/03/10 20:04:09.815] -  <   {
 <     "id": 270,
 <     "jsonrpc": "2.0",
 <     "result": "0x0"
 <   }
[2022/03/10 20:04:09.818] -  <   {
 <     "id": 271,
 <     "jsonrpc": "2.0",
 <     "result": "0x56bc75e2d63100000"
 <   }
[2022/03/10 20:04:09.820] -  <   {
 <     "id": 272,
 <     "jsonrpc": "2.0",
 <     "result": "0x0"
 <   }
[2022/03/10 20:04:09.825] -  <   {
 <     "id": 273,
 <     "jsonrpc": "2.0",
 <     "result": "0x56bc75e2d63100000"
 <   }
[2022/03/10 20:04:09.828] -  <   {
 <     "id": 274,
 <     "jsonrpc": "2.0",
 <     "result": "0x0"
 <   }
[2022/03/10 20:04:09.831] -  <   {
 <     "id": 275,
 <     "jsonrpc": "2.0",
 <     "result": "0x56bc75e2d63100000"
 <   }
[2022/03/10 20:04:09.833] -  <   {
 <     "id": 276,
 <     "jsonrpc": "2.0",
 <     "result": "0x0"
 <   }
[2022/03/10 20:04:21.627] - eth_unsubscribe
[2022/03/10 20:04:21.628] -    > {
   >   "jsonrpc": "2.0",
   >   "id": 23,
   >   "method": "eth_unsubscribe",
   >   "params": [
   >     "0x3"
   >   ]
   > }
[2022/03/10 20:04:21.629] - eth_unsubscribe
[2022/03/10 20:04:21.630] -    > {
   >   "jsonrpc": "2.0",
   >   "id": 24,
   >   "method": "eth_unsubscribe",
   >   "params": [
   >     "0x4"
   >   ]
   > }
[2022/03/10 20:04:21.631] -  <   {
 <     "id": 23,
 <     "jsonrpc": "2.0",
 <     "result": true
 <   }
[2022/03/10 20:04:21.633] -    > {
   >   "jsonrpc": "2.0",
   >   "method": "eth_unsubscribe",
   >   "params": [
   >     "0x6"
   >   ],
   >   "id": 1646939061632
   > }
[2022/03/10 20:04:21.634] -    > {
   >   "jsonrpc": "2.0",
   >   "method": "eth_unsubscribe",
   >   "params": [
   >     "0x4"
   >   ],
   >   "id": 1646939061634
   > }
[2022/03/10 20:04:21.635] -    > {
   >   "jsonrpc": "2.0",
   >   "method": "eth_unsubscribe",
   >   "params": [
   >     "0x5"
   >   ],
   >   "id": 1646939061635
   > }
[2022/03/10 20:04:21.635] -    > {
   >   "jsonrpc": "2.0",
   >   "method": "eth_unsubscribe",
   >   "params": [
   >     "0x1"
   >   ],
   >   "id": 1646939061635
   > }
[2022/03/10 20:04:21.640] -    > {
   >   "jsonrpc": "2.0",
   >   "method": "eth_unsubscribe",
   >   "params": [
   >     "0x2"
   >   ],
   >   "id": 1646939061639
   > }
[2022/03/10 20:04:21.641] -  <   {
 <     "id": 24,
 <     "jsonrpc": "2.0",
 <     "result": true
 <   }
[2022/03/10 20:04:21.647] -  <   {
 <     "id": 1646939061632,
 <     "jsonrpc": "2.0",
 <     "result": true
 <   }
[2022/03/10 20:04:21.649] -  <   {
 <     "id": 1646939061634,
 <     "jsonrpc": "2.0",
 <     "error": {
 <       "message": "Subscription ID 0x4 not found.",
 <       "code": -32000,
 <       "data": {
 <         "stack": "Error: Subscription ID 0x4 not found.\n    at SubscriptionSubprovider.eth_unsubscribe (E:\\Program Files\\Ganache\\resources\\static\\node\\node_modules\\ganache-core\\node_modules\\web3-provider-engine\\subproviders\\subscriptions.js:78:8)\n    at SubscriptionSubprovider.handleRequest (E:\\Program Files\\Ganache\\resources\\static\\node\\node_modules\\ganache-core\\node_modules\\web3-provider-engine\\subproviders\\subscriptions.js:134:12)\n    at next (E:\\Program Files\\Ganache\\resources\\static\\node\\node_modules\\ganache-core\\node_modules\\web3-provider-engine\\index.js:136:18)\n    at DelayedBlockFilter.handleRequest (E:\\Program Files\\Ganache\\resources\\static\\node\\node_modules\\ganache-core\\lib\\subproviders\\delayedblockfilter.js:31:3)\n    at next (E:\\Program Files\\Ganache\\resources\\static\\node\\node_modules\\ganache-core\\node_modules\\web3-provider-engine\\index.js:136:18)\n    at RequestFunnel.handleRequest (E:\\Program Files\\Ganache\\resources\\static\\node\\node_modules\\ganache-core\\lib\\subproviders\\requestfunnel.js:32:12)\n    at next (E:\\Program Files\\Ganache\\resources\\static\\node\\node_modules\\ganache-core\\node_modules\\web3-provider-engine\\index.js:136:18)\n    at Web3ProviderEngine._handleAsync (E:\\Program Files\\Ganache\\resources\\static\\node\\node_modules\\ganache-core\\node_modules\\web3-provider-engine\\index.js:123:3)\n    at Timeout._onTimeout (E:\\Program Files\\Ganache\\resources\\static\\node\\node_modules\\ganache-core\\node_modules\\web3-provider-engine\\index.js:107:12)\n    at listOnTimeout (internal/timers.js:531:17)\n    at processTimers (internal/timers.js:475:7)",
 <         "name": "Error"
 <       }
 <     }
 <   }
[2022/03/10 20:04:21.653] -  <   {
 <     "id": 1646939061635,
 <     "jsonrpc": "2.0",
 <     "result": true
 <   }
[2022/03/10 20:04:21.656] -  <   {
 <     "id": 1646939061635,
 <     "jsonrpc": "2.0",
 <     "result": true
 <   }
[2022/03/10 20:04:21.659] -  <   {
 <     "id": 1646939061639,
 <     "jsonrpc": "2.0",
 <     "result": true
 <   }
