[2022/03/10 20:04:25.828] - Starting server with initial configuration: {"gasLimit":6721975,"gasPrice":20000000000,"hardfork":"muirGlacier","hostname":"127.0.0.1","port":7545,"network_id":5777,"default_balance_ether":100,"total_accounts":10,"unlocked_accounts":[],"locked":false,"vmErrorsOnRPCResponse":true,"verbose":true,"db_path":"C:\\Users\\hp\\AppData\\Roaming\\Ganache\\workspaces\\silent-toothpaste\\chaindata","logDirectory":"C:\\wamp64\\www\\SOLIDITY\\LOGS"}
[2022/03/10 20:04:26.911] - eth_subscribe
[2022/03/10 20:04:26.912] -    > {
   >   "jsonrpc": "2.0",
   >   "id": 25,
   >   "method": "eth_subscribe",
   >   "params": [
   >     "newHeads"
   >   ]
   > }
[2022/03/10 20:04:27.025] - eth_getLogs
[2022/03/10 20:04:27.029] -    > {
   >   "jsonrpc": "2.0",
   >   "id": 26,
   >   "method": "eth_getLogs",
   >   "params": [
   >     {
   >       "topics": []
   >     }
   >   ]
   > }
[2022/03/10 20:04:27.038] - eth_subscribe
[2022/03/10 20:04:27.042] -    > {
   >   "jsonrpc": "2.0",
   >   "id": 27,
   >   "method": "eth_subscribe",
   >   "params": [
   >     "logs",
   >     {
   >       "topics": []
   >     }
   >   ]
   > }
[2022/03/10 20:04:27.045] -  <   {
 <     "id": 25,
 <     "jsonrpc": "2.0",
 <     "result": "0x1"
 <   }
[2022/03/10 20:04:27.062] - eth_subscribe
[2022/03/10 20:04:27.065] -    > {
   >   "jsonrpc": "2.0",
   >   "id": 28,
   >   "method": "eth_subscribe",
   >   "params": [
   >     "newHeads"
   >   ]
   > }
[2022/03/10 20:04:27.072] - eth_blockNumber
[2022/03/10 20:04:27.075] -    > {
   >   "jsonrpc": "2.0",
   >   "id": 277,
   >   "method": "eth_blockNumber",
   >   "params": [],
   >   "internal": true
   > }
[2022/03/10 20:04:27.077] - eth_getLogs
[2022/03/10 20:04:27.079] -    > {
   >   "jsonrpc": "2.0",
   >   "id": 29,
   >   "method": "eth_getLogs",
   >   "params": [
   >     {
   >       "topics": []
   >     }
   >   ]
   > }
[2022/03/10 20:04:27.082] - eth_accounts
[2022/03/10 20:04:27.087] -    > {
   >   "jsonrpc": "2.0",
   >   "id": 278,
   >   "method": "eth_accounts",
   >   "params": [],
   >   "internal": true
   > }
[2022/03/10 20:04:27.089] - eth_blockNumber
[2022/03/10 20:04:27.091] -    > {
   >   "jsonrpc": "2.0",
   >   "id": 282,
   >   "method": "eth_blockNumber",
   >   "params": [],
   >   "internal": true
   > }
[2022/03/10 20:04:27.093] - eth_subscribe
[2022/03/10 20:04:27.095] -    > {
   >   "jsonrpc": "2.0",
   >   "id": 30,
   >   "method": "eth_subscribe",
   >   "params": [
   >     "logs",
   >     {
   >       "topics": []
   >     }
   >   ]
   > }
[2022/03/10 20:04:27.097] - eth_gasPrice
[2022/03/10 20:04:27.098] -    > {
   >   "jsonrpc": "2.0",
   >   "id": 279,
   >   "method": "eth_gasPrice",
   >   "params": [],
   >   "internal": true
   > }
[2022/03/10 20:04:27.100] - eth_accounts
[2022/03/10 20:04:27.101] -    > {
   >   "jsonrpc": "2.0",
   >   "id": 283,
   >   "method": "eth_accounts",
   >   "params": [],
   >   "internal": true
   > }
[2022/03/10 20:04:27.102] - eth_getBlockByNumber
[2022/03/10 20:04:27.312] -    > {
   >   "jsonrpc": "2.0",
   >   "id": 280,
   >   "method": "eth_getBlockByNumber",
   >   "params": [
   >     "latest",
   >     false
   >   ],
   >   "internal": true
   > }
[2022/03/10 20:04:27.313] - eth_gasPrice
[2022/03/10 20:04:27.314] -    > {
   >   "jsonrpc": "2.0",
   >   "id": 284,
   >   "method": "eth_gasPrice",
   >   "params": [],
   >   "internal": true
   > }
[2022/03/10 20:04:27.315] - eth_subscribe
[2022/03/10 20:04:27.316] -    > {
   >   "jsonrpc": "2.0",
   >   "id": 281,
   >   "method": "eth_subscribe",
   >   "params": [
   >     "newHeads"
   >   ],
   >   "internal": true
   > }
[2022/03/10 20:04:27.316] - eth_getBlockByNumber
[2022/03/10 20:04:27.317] -    > {
   >   "jsonrpc": "2.0",
   >   "id": 285,
   >   "method": "eth_getBlockByNumber",
   >   "params": [
   >     "latest",
   >     false
   >   ],
   >   "internal": true
   > }
[2022/03/10 20:04:27.317] - eth_subscribe
[2022/03/10 20:04:27.321] -    > {
   >   "jsonrpc": "2.0",
   >   "id": 286,
   >   "method": "eth_subscribe",
   >   "params": [
   >     "newHeads"
   >   ],
   >   "internal": true
   > }
[2022/03/10 20:04:27.330] -  <   {
 <     "id": 26,
 <     "jsonrpc": "2.0",
 <     "result": []
 <   }
[2022/03/10 20:04:27.333] -  <   {
 <     "id": 27,
 <     "jsonrpc": "2.0",
 <     "result": "0x2"
 <   }
[2022/03/10 20:04:27.335] -  <   {
 <     "id": 28,
 <     "jsonrpc": "2.0",
 <     "result": "0x3"
 <   }
[2022/03/10 20:04:27.338] -  <   {
 <     "id": 277,
 <     "jsonrpc": "2.0",
 <     "result": "0x0"
 <   }
[2022/03/10 20:04:27.340] -  <   {
 <     "id": 29,
 <     "jsonrpc": "2.0",
 <     "result": []
 <   }
[2022/03/10 20:04:27.344] -  <   {
 <     "id": 278,
 <     "jsonrpc": "2.0",
 <     "result": [
 <       "0xb6b2b4af57ab855a0b28c474a45b46df019f05bf",
 <       "0xdff908c4b6e1baed0af22b63a116b0ba640ab4a1",
 <       "0x7a9ecbf6b8eda0fb08d0d6b2233179fc95a95f3d",
 <       "0xe81f26e024c69488ef11e7364526c38c85b35cab",
 <       "0xda89e2c8b86f0fb6654da8576167ed9470f9822e",
 <       "0xe55fe5198fc36a19302f2bdf20664b5592f4e458",
 <       "0x076c32748b1837a1f3d78886d0609909b77e29d1",
 <       "0x10d5b2457c3295e9e213b4754e115a67ddec68ab",
 <       "0x322d77b905a4621da6e7cfbb3d27045fcb1fead4",
 <       "0x7c96e9f126fc34ce15e84037388e36cfeb05fdb5"
 <     ]
 <   }
[2022/03/10 20:04:27.345] - eth_accounts
[2022/03/10 20:04:27.346] -    > {
   >   "jsonrpc": "2.0",
   >   "id": 287,
   >   "method": "eth_accounts",
   >   "params": [],
   >   "internal": true
   > }
[2022/03/10 20:04:27.347] -  <   {
 <     "id": 282,
 <     "jsonrpc": "2.0",
 <     "result": "0x0"
 <   }
[2022/03/10 20:04:27.350] -  <   {
 <     "id": 30,
 <     "jsonrpc": "2.0",
 <     "result": "0x4"
 <   }
[2022/03/10 20:04:27.352] -  <   {
 <     "id": 279,
 <     "jsonrpc": "2.0",
 <     "result": "0x4a817c800"
 <   }
[2022/03/10 20:04:27.354] -  <   {
 <     "id": 283,
 <     "jsonrpc": "2.0",
 <     "result": [
 <       "0xb6b2b4af57ab855a0b28c474a45b46df019f05bf",
 <       "0xdff908c4b6e1baed0af22b63a116b0ba640ab4a1",
 <       "0x7a9ecbf6b8eda0fb08d0d6b2233179fc95a95f3d",
 <       "0xe81f26e024c69488ef11e7364526c38c85b35cab",
 <       "0xda89e2c8b86f0fb6654da8576167ed9470f9822e",
 <       "0xe55fe5198fc36a19302f2bdf20664b5592f4e458",
 <       "0x076c32748b1837a1f3d78886d0609909b77e29d1",
 <       "0x10d5b2457c3295e9e213b4754e115a67ddec68ab",
 <       "0x322d77b905a4621da6e7cfbb3d27045fcb1fead4",
 <       "0x7c96e9f126fc34ce15e84037388e36cfeb05fdb5"
 <     ]
 <   }
[2022/03/10 20:04:27.357] -  <   {
 <     "id": 280,
 <     "jsonrpc": "2.0",
 <     "result": {
 <       "number": "0x0",
 <       "hash": "0x033f64772c3e7bd542e2ec9bf3a77c5a6f80787d7948d2ca4b782a04ad6856ee",
 <       "parentHash": "0x0000000000000000000000000000000000000000000000000000000000000000",
 <       "mixHash": "0x0000000000000000000000000000000000000000000000000000000000000000",
 <       "nonce": "0x0000000000000000",
 <       "sha3Uncles": "0x1dcc4de8dec75d7aab85b567b6ccd41ad312451b948a7413f0a142fd40d49347",
 <       "logsBloom": "0x00000000000000000000000000000000000000000000000000000000000000000000000000000000000000000000000000000000000000000000000000000000000000000000000000000000000000000000000000000000000000000000000000000000000000000000000000000000000000000000000000000000000000000000000000000000000000000000000000000000000000000000000000000000000000000000000000000000000000000000000000000000000000000000000000000000000000000000000000000000000000000000000000000000000000000000000000000000000000000000000000000000000000000000000000000000",
 <       "transactionsRoot": "0x56e81f171bcc55a6ff8345e692c0f86e5b48e01b996cadc001622fb5e363b421",
 <       "stateRoot": "0xa4ad5555520364c4f1d3623501ad902f30456e56043107eea084ac661d9172a0",
 <       "receiptsRoot": "0x56e81f171bcc55a6ff8345e692c0f86e5b48e01b996cadc001622fb5e363b421",
 <       "miner": "0x0000000000000000000000000000000000000000",
 <       "difficulty": "0x0",
 <       "totalDifficulty": "0x0",
 <       "extraData": "0x",
 <       "size": "0x3e8",
 <       "gasLimit": "0x6691b7",
 <       "gasUsed": "0x0",
 <       "timestamp": "0x622a49de",
 <       "transactions": [],
 <       "uncles": []
 <     }
 <   }
[2022/03/10 20:04:27.358] - eth_getBalance
[2022/03/10 20:04:27.359] -    > {
   >   "jsonrpc": "2.0",
   >   "id": 288,
   >   "method": "eth_getBalance",
   >   "params": [
   >     "0xb6b2b4af57ab855a0b28c474a45b46df019f05bf",
   >     "latest"
   >   ],
   >   "internal": true
   > }
[2022/03/10 20:04:27.361] -  <   {
 <     "id": 284,
 <     "jsonrpc": "2.0",
 <     "result": "0x4a817c800"
 <   }
[2022/03/10 20:04:27.362] - eth_getTransactionCount
[2022/03/10 20:04:27.363] -    > {
   >   "jsonrpc": "2.0",
   >   "id": 289,
   >   "method": "eth_getTransactionCount",
   >   "params": [
   >     "0xb6b2b4af57ab855a0b28c474a45b46df019f05bf",
   >     "latest"
   >   ],
   >   "internal": true
   > }
[2022/03/10 20:04:27.364] - eth_getBalance
[2022/03/10 20:04:27.365] -    > {
   >   "jsonrpc": "2.0",
   >   "id": 290,
   >   "method": "eth_getBalance",
   >   "params": [
   >     "0xdff908c4b6e1baed0af22b63a116b0ba640ab4a1",
   >     "latest"
   >   ],
   >   "internal": true
   > }
[2022/03/10 20:04:27.367] -  <   {
 <     "id": 281,
 <     "jsonrpc": "2.0",
 <     "result": "0x5"
 <   }
[2022/03/10 20:04:27.368] - eth_getTransactionCount
[2022/03/10 20:04:27.369] -    > {
   >   "jsonrpc": "2.0",
   >   "id": 291,
   >   "method": "eth_getTransactionCount",
   >   "params": [
   >     "0xdff908c4b6e1baed0af22b63a116b0ba640ab4a1",
   >     "latest"
   >   ],
   >   "internal": true
   > }
[2022/03/10 20:04:27.370] - eth_getBalance
[2022/03/10 20:04:27.371] -    > {
   >   "jsonrpc": "2.0",
   >   "id": 292,
   >   "method": "eth_getBalance",
   >   "params": [
   >     "0x7a9ecbf6b8eda0fb08d0d6b2233179fc95a95f3d",
   >     "latest"
   >   ],
   >   "internal": true
   > }
[2022/03/10 20:04:27.373] -  <   {
 <     "id": 285,
 <     "jsonrpc": "2.0",
 <     "result": {
 <       "number": "0x0",
 <       "hash": "0x033f64772c3e7bd542e2ec9bf3a77c5a6f80787d7948d2ca4b782a04ad6856ee",
 <       "parentHash": "0x0000000000000000000000000000000000000000000000000000000000000000",
 <       "mixHash": "0x0000000000000000000000000000000000000000000000000000000000000000",
 <       "nonce": "0x0000000000000000",
 <       "sha3Uncles": "0x1dcc4de8dec75d7aab85b567b6ccd41ad312451b948a7413f0a142fd40d49347",
 <       "logsBloom": "0x00000000000000000000000000000000000000000000000000000000000000000000000000000000000000000000000000000000000000000000000000000000000000000000000000000000000000000000000000000000000000000000000000000000000000000000000000000000000000000000000000000000000000000000000000000000000000000000000000000000000000000000000000000000000000000000000000000000000000000000000000000000000000000000000000000000000000000000000000000000000000000000000000000000000000000000000000000000000000000000000000000000000000000000000000000000",
 <       "transactionsRoot": "0x56e81f171bcc55a6ff8345e692c0f86e5b48e01b996cadc001622fb5e363b421",
 <       "stateRoot": "0xa4ad5555520364c4f1d3623501ad902f30456e56043107eea084ac661d9172a0",
 <       "receiptsRoot": "0x56e81f171bcc55a6ff8345e692c0f86e5b48e01b996cadc001622fb5e363b421",
 <       "miner": "0x0000000000000000000000000000000000000000",
 <       "difficulty": "0x0",
 <       "totalDifficulty": "0x0",
 <       "extraData": "0x",
 <       "size": "0x3e8",
 <       "gasLimit": "0x6691b7",
 <       "gasUsed": "0x0",
 <       "timestamp": "0x622a49de",
 <       "transactions": [],
 <       "uncles": []
 <     }
 <   }
[2022/03/10 20:04:27.375] - eth_getTransactionCount
[2022/03/10 20:04:27.377] -    > {
   >   "jsonrpc": "2.0",
   >   "id": 293,
   >   "method": "eth_getTransactionCount",
   >   "params": [
   >     "0x7a9ecbf6b8eda0fb08d0d6b2233179fc95a95f3d",
   >     "latest"
   >   ],
   >   "internal": true
   > }
[2022/03/10 20:04:27.378] - eth_getBalance
[2022/03/10 20:04:27.379] -    > {
   >   "jsonrpc": "2.0",
   >   "id": 294,
   >   "method": "eth_getBalance",
   >   "params": [
   >     "0xe81f26e024c69488ef11e7364526c38c85b35cab",
   >     "latest"
   >   ],
   >   "internal": true
   > }
[2022/03/10 20:04:27.380] -  <   {
 <     "id": 286,
 <     "jsonrpc": "2.0",
 <     "result": "0x6"
 <   }
[2022/03/10 20:04:27.381] - eth_getTransactionCount
[2022/03/10 20:04:27.382] -    > {
   >   "jsonrpc": "2.0",
   >   "id": 295,
   >   "method": "eth_getTransactionCount",
   >   "params": [
   >     "0xe81f26e024c69488ef11e7364526c38c85b35cab",
   >     "latest"
   >   ],
   >   "internal": true
   > }
[2022/03/10 20:04:27.383] - eth_getBalance
[2022/03/10 20:04:27.384] -    > {
   >   "jsonrpc": "2.0",
   >   "id": 296,
   >   "method": "eth_getBalance",
   >   "params": [
   >     "0xda89e2c8b86f0fb6654da8576167ed9470f9822e",
   >     "latest"
   >   ],
   >   "internal": true
   > }
[2022/03/10 20:04:27.385] -  <   {
 <     "id": 287,
 <     "jsonrpc": "2.0",
 <     "result": [
 <       "0xb6b2b4af57ab855a0b28c474a45b46df019f05bf",
 <       "0xdff908c4b6e1baed0af22b63a116b0ba640ab4a1",
 <       "0x7a9ecbf6b8eda0fb08d0d6b2233179fc95a95f3d",
 <       "0xe81f26e024c69488ef11e7364526c38c85b35cab",
 <       "0xda89e2c8b86f0fb6654da8576167ed9470f9822e",
 <       "0xe55fe5198fc36a19302f2bdf20664b5592f4e458",
 <       "0x076c32748b1837a1f3d78886d0609909b77e29d1",
 <       "0x10d5b2457c3295e9e213b4754e115a67ddec68ab",
 <       "0x322d77b905a4621da6e7cfbb3d27045fcb1fead4",
 <       "0x7c96e9f126fc34ce15e84037388e36cfeb05fdb5"
 <     ]
 <   }
[2022/03/10 20:04:27.386] - eth_getTransactionCount
[2022/03/10 20:04:27.388] -    > {
   >   "jsonrpc": "2.0",
   >   "id": 297,
   >   "method": "eth_getTransactionCount",
   >   "params": [
   >     "0xda89e2c8b86f0fb6654da8576167ed9470f9822e",
   >     "latest"
   >   ],
   >   "internal": true
   > }
[2022/03/10 20:04:27.389] - eth_getBalance
[2022/03/10 20:04:27.391] -    > {
   >   "jsonrpc": "2.0",
   >   "id": 298,
   >   "method": "eth_getBalance",
   >   "params": [
   >     "0xe55fe5198fc36a19302f2bdf20664b5592f4e458",
   >     "latest"
   >   ],
   >   "internal": true
   > }
[2022/03/10 20:04:27.393] - eth_getTransactionCount
[2022/03/10 20:04:27.394] -    > {
   >   "jsonrpc": "2.0",
   >   "id": 299,
   >   "method": "eth_getTransactionCount",
   >   "params": [
   >     "0xe55fe5198fc36a19302f2bdf20664b5592f4e458",
   >     "latest"
   >   ],
   >   "internal": true
   > }
[2022/03/10 20:04:27.395] - eth_getBalance
[2022/03/10 20:04:27.396] -    > {
   >   "jsonrpc": "2.0",
   >   "id": 300,
   >   "method": "eth_getBalance",
   >   "params": [
   >     "0x076c32748b1837a1f3d78886d0609909b77e29d1",
   >     "latest"
   >   ],
   >   "internal": true
   > }
[2022/03/10 20:04:27.397] - eth_getTransactionCount
[2022/03/10 20:04:27.398] -    > {
   >   "jsonrpc": "2.0",
   >   "id": 301,
   >   "method": "eth_getTransactionCount",
   >   "params": [
   >     "0x076c32748b1837a1f3d78886d0609909b77e29d1",
   >     "latest"
   >   ],
   >   "internal": true
   > }
[2022/03/10 20:04:27.399] - eth_getBalance
[2022/03/10 20:04:27.401] -    > {
   >   "jsonrpc": "2.0",
   >   "id": 302,
   >   "method": "eth_getBalance",
   >   "params": [
   >     "0x10d5b2457c3295e9e213b4754e115a67ddec68ab",
   >     "latest"
   >   ],
   >   "internal": true
   > }
[2022/03/10 20:04:27.402] - eth_getTransactionCount
[2022/03/10 20:04:27.403] -    > {
   >   "jsonrpc": "2.0",
   >   "id": 303,
   >   "method": "eth_getTransactionCount",
   >   "params": [
   >     "0x10d5b2457c3295e9e213b4754e115a67ddec68ab",
   >     "latest"
   >   ],
   >   "internal": true
   > }
[2022/03/10 20:04:27.404] - eth_getBalance
[2022/03/10 20:04:27.405] -    > {
   >   "jsonrpc": "2.0",
   >   "id": 304,
   >   "method": "eth_getBalance",
   >   "params": [
   >     "0x322d77b905a4621da6e7cfbb3d27045fcb1fead4",
   >     "latest"
   >   ],
   >   "internal": true
   > }
[2022/03/10 20:04:27.407] - eth_getTransactionCount
[2022/03/10 20:04:27.408] -    > {
   >   "jsonrpc": "2.0",
   >   "id": 305,
   >   "method": "eth_getTransactionCount",
   >   "params": [
   >     "0x322d77b905a4621da6e7cfbb3d27045fcb1fead4",
   >     "latest"
   >   ],
   >   "internal": true
   > }
[2022/03/10 20:04:27.409] - eth_getBalance
[2022/03/10 20:04:27.410] -    > {
   >   "jsonrpc": "2.0",
   >   "id": 306,
   >   "method": "eth_getBalance",
   >   "params": [
   >     "0x7c96e9f126fc34ce15e84037388e36cfeb05fdb5",
   >     "latest"
   >   ],
   >   "internal": true
   > }
[2022/03/10 20:04:27.410] - eth_getTransactionCount
[2022/03/10 20:04:27.411] -    > {
   >   "jsonrpc": "2.0",
   >   "id": 307,
   >   "method": "eth_getTransactionCount",
   >   "params": [
   >     "0x7c96e9f126fc34ce15e84037388e36cfeb05fdb5",
   >     "latest"
   >   ],
   >   "internal": true
   > }
[2022/03/10 20:04:27.420] - eth_getBalance
[2022/03/10 20:04:27.422] -    > {
   >   "jsonrpc": "2.0",
   >   "id": 309,
   >   "method": "eth_getBalance",
   >   "params": [
   >     "0xb6b2b4af57ab855a0b28c474a45b46df019f05bf",
   >     "latest"
   >   ],
   >   "internal": true
   > }
[2022/03/10 20:04:27.423] - eth_getTransactionCount
[2022/03/10 20:04:27.424] -    > {
   >   "jsonrpc": "2.0",
   >   "id": 310,
   >   "method": "eth_getTransactionCount",
   >   "params": [
   >     "0xb6b2b4af57ab855a0b28c474a45b46df019f05bf",
   >     "latest"
   >   ],
   >   "internal": true
   > }
[2022/03/10 20:04:27.426] - eth_getBalance
[2022/03/10 20:04:27.428] -    > {
   >   "jsonrpc": "2.0",
   >   "id": 311,
   >   "method": "eth_getBalance",
   >   "params": [
   >     "0xdff908c4b6e1baed0af22b63a116b0ba640ab4a1",
   >     "latest"
   >   ],
   >   "internal": true
   > }
[2022/03/10 20:04:27.430] - eth_getTransactionCount
[2022/03/10 20:04:27.431] -    > {
   >   "jsonrpc": "2.0",
   >   "id": 312,
   >   "method": "eth_getTransactionCount",
   >   "params": [
   >     "0xdff908c4b6e1baed0af22b63a116b0ba640ab4a1",
   >     "latest"
   >   ],
   >   "internal": true
   > }
[2022/03/10 20:04:27.432] - eth_getBalance
[2022/03/10 20:04:27.433] -    > {
   >   "jsonrpc": "2.0",
   >   "id": 313,
   >   "method": "eth_getBalance",
   >   "params": [
   >     "0x7a9ecbf6b8eda0fb08d0d6b2233179fc95a95f3d",
   >     "latest"
   >   ],
   >   "internal": true
   > }
[2022/03/10 20:04:27.434] - eth_getTransactionCount
[2022/03/10 20:04:27.436] -    > {
   >   "jsonrpc": "2.0",
   >   "id": 314,
   >   "method": "eth_getTransactionCount",
   >   "params": [
   >     "0x7a9ecbf6b8eda0fb08d0d6b2233179fc95a95f3d",
   >     "latest"
   >   ],
   >   "internal": true
   > }
[2022/03/10 20:04:27.437] - eth_getBalance
[2022/03/10 20:04:27.439] -    > {
   >   "jsonrpc": "2.0",
   >   "id": 315,
   >   "method": "eth_getBalance",
   >   "params": [
   >     "0xe81f26e024c69488ef11e7364526c38c85b35cab",
   >     "latest"
   >   ],
   >   "internal": true
   > }
[2022/03/10 20:04:27.444] - eth_getTransactionCount
[2022/03/10 20:04:27.445] -    > {
   >   "jsonrpc": "2.0",
   >   "id": 316,
   >   "method": "eth_getTransactionCount",
   >   "params": [
   >     "0xe81f26e024c69488ef11e7364526c38c85b35cab",
   >     "latest"
   >   ],
   >   "internal": true
   > }
[2022/03/10 20:04:27.447] - eth_getBalance
[2022/03/10 20:04:27.448] -    > {
   >   "jsonrpc": "2.0",
   >   "id": 317,
   >   "method": "eth_getBalance",
   >   "params": [
   >     "0xda89e2c8b86f0fb6654da8576167ed9470f9822e",
   >     "latest"
   >   ],
   >   "internal": true
   > }
[2022/03/10 20:04:27.451] - eth_getTransactionCount
[2022/03/10 20:04:27.452] -    > {
   >   "jsonrpc": "2.0",
   >   "id": 318,
   >   "method": "eth_getTransactionCount",
   >   "params": [
   >     "0xda89e2c8b86f0fb6654da8576167ed9470f9822e",
   >     "latest"
   >   ],
   >   "internal": true
   > }
[2022/03/10 20:04:27.454] - eth_getBalance
[2022/03/10 20:04:27.455] -    > {
   >   "jsonrpc": "2.0",
   >   "id": 319,
   >   "method": "eth_getBalance",
   >   "params": [
   >     "0xe55fe5198fc36a19302f2bdf20664b5592f4e458",
   >     "latest"
   >   ],
   >   "internal": true
   > }
[2022/03/10 20:04:27.458] - eth_getTransactionCount
[2022/03/10 20:04:27.459] -    > {
   >   "jsonrpc": "2.0",
   >   "id": 320,
   >   "method": "eth_getTransactionCount",
   >   "params": [
   >     "0xe55fe5198fc36a19302f2bdf20664b5592f4e458",
   >     "latest"
   >   ],
   >   "internal": true
   > }
[2022/03/10 20:04:27.461] - eth_getBalance
[2022/03/10 20:04:27.462] -    > {
   >   "jsonrpc": "2.0",
   >   "id": 321,
   >   "method": "eth_getBalance",
   >   "params": [
   >     "0x076c32748b1837a1f3d78886d0609909b77e29d1",
   >     "latest"
   >   ],
   >   "internal": true
   > }
[2022/03/10 20:04:27.464] - eth_getTransactionCount
[2022/03/10 20:04:27.465] -    > {
   >   "jsonrpc": "2.0",
   >   "id": 322,
   >   "method": "eth_getTransactionCount",
   >   "params": [
   >     "0x076c32748b1837a1f3d78886d0609909b77e29d1",
   >     "latest"
   >   ],
   >   "internal": true
   > }
[2022/03/10 20:04:27.474] - eth_getBalance
[2022/03/10 20:04:27.475] -    > {
   >   "jsonrpc": "2.0",
   >   "id": 323,
   >   "method": "eth_getBalance",
   >   "params": [
   >     "0x10d5b2457c3295e9e213b4754e115a67ddec68ab",
   >     "latest"
   >   ],
   >   "internal": true
   > }
[2022/03/10 20:04:27.477] - eth_getTransactionCount
[2022/03/10 20:04:27.478] -    > {
   >   "jsonrpc": "2.0",
   >   "id": 324,
   >   "method": "eth_getTransactionCount",
   >   "params": [
   >     "0x10d5b2457c3295e9e213b4754e115a67ddec68ab",
   >     "latest"
   >   ],
   >   "internal": true
   > }
[2022/03/10 20:04:27.482] - eth_getBalance
[2022/03/10 20:04:27.483] -    > {
   >   "jsonrpc": "2.0",
   >   "id": 325,
   >   "method": "eth_getBalance",
   >   "params": [
   >     "0x322d77b905a4621da6e7cfbb3d27045fcb1fead4",
   >     "latest"
   >   ],
   >   "internal": true
   > }
[2022/03/10 20:04:27.486] - eth_getTransactionCount
[2022/03/10 20:04:27.488] -    > {
   >   "jsonrpc": "2.0",
   >   "id": 326,
   >   "method": "eth_getTransactionCount",
   >   "params": [
   >     "0x322d77b905a4621da6e7cfbb3d27045fcb1fead4",
   >     "latest"
   >   ],
   >   "internal": true
   > }
[2022/03/10 20:04:27.489] - eth_getBalance
[2022/03/10 20:04:27.490] -    > {
   >   "jsonrpc": "2.0",
   >   "id": 327,
   >   "method": "eth_getBalance",
   >   "params": [
   >     "0x7c96e9f126fc34ce15e84037388e36cfeb05fdb5",
   >     "latest"
   >   ],
   >   "internal": true
   > }
[2022/03/10 20:04:27.492] - eth_getTransactionCount
[2022/03/10 20:04:27.493] -    > {
   >   "jsonrpc": "2.0",
   >   "id": 328,
   >   "method": "eth_getTransactionCount",
   >   "params": [
   >     "0x7c96e9f126fc34ce15e84037388e36cfeb05fdb5",
   >     "latest"
   >   ],
   >   "internal": true
   > }
[2022/03/10 20:04:27.495] - eth_getBalance
[2022/03/10 20:04:27.497] -    > {
   >   "jsonrpc": "2.0",
   >   "id": 329,
   >   "method": "eth_getBalance",
   >   "params": [
   >     "0xb6b2b4af57ab855a0b28c474a45b46df019f05bf",
   >     "latest"
   >   ],
   >   "internal": true
   > }
[2022/03/10 20:04:27.498] - eth_getTransactionCount
[2022/03/10 20:04:27.499] -    > {
   >   "jsonrpc": "2.0",
   >   "id": 330,
   >   "method": "eth_getTransactionCount",
   >   "params": [
   >     "0xb6b2b4af57ab855a0b28c474a45b46df019f05bf",
   >     "latest"
   >   ],
   >   "internal": true
   > }
[2022/03/10 20:04:27.500] - eth_getBalance
[2022/03/10 20:04:27.501] -    > {
   >   "jsonrpc": "2.0",
   >   "id": 331,
   >   "method": "eth_getBalance",
   >   "params": [
   >     "0xdff908c4b6e1baed0af22b63a116b0ba640ab4a1",
   >     "latest"
   >   ],
   >   "internal": true
   > }
[2022/03/10 20:04:27.504] - eth_getTransactionCount
[2022/03/10 20:04:27.505] -    > {
   >   "jsonrpc": "2.0",
   >   "id": 332,
   >   "method": "eth_getTransactionCount",
   >   "params": [
   >     "0xdff908c4b6e1baed0af22b63a116b0ba640ab4a1",
   >     "latest"
   >   ],
   >   "internal": true
   > }
[2022/03/10 20:04:27.506] - eth_getBalance
[2022/03/10 20:04:27.508] -    > {
   >   "jsonrpc": "2.0",
   >   "id": 333,
   >   "method": "eth_getBalance",
   >   "params": [
   >     "0x7a9ecbf6b8eda0fb08d0d6b2233179fc95a95f3d",
   >     "latest"
   >   ],
   >   "internal": true
   > }
[2022/03/10 20:04:27.509] - eth_getTransactionCount
[2022/03/10 20:04:27.510] -    > {
   >   "jsonrpc": "2.0",
   >   "id": 334,
   >   "method": "eth_getTransactionCount",
   >   "params": [
   >     "0x7a9ecbf6b8eda0fb08d0d6b2233179fc95a95f3d",
   >     "latest"
   >   ],
   >   "internal": true
   > }
[2022/03/10 20:04:27.512] - eth_getBalance
[2022/03/10 20:04:27.513] -    > {
   >   "jsonrpc": "2.0",
   >   "id": 335,
   >   "method": "eth_getBalance",
   >   "params": [
   >     "0xe81f26e024c69488ef11e7364526c38c85b35cab",
   >     "latest"
   >   ],
   >   "internal": true
   > }
[2022/03/10 20:04:27.515] - eth_getTransactionCount
[2022/03/10 20:04:27.516] -    > {
   >   "jsonrpc": "2.0",
   >   "id": 336,
   >   "method": "eth_getTransactionCount",
   >   "params": [
   >     "0xe81f26e024c69488ef11e7364526c38c85b35cab",
   >     "latest"
   >   ],
   >   "internal": true
   > }
[2022/03/10 20:04:27.517] - eth_getBalance
[2022/03/10 20:04:27.518] -    > {
   >   "jsonrpc": "2.0",
   >   "id": 337,
   >   "method": "eth_getBalance",
   >   "params": [
   >     "0xda89e2c8b86f0fb6654da8576167ed9470f9822e",
   >     "latest"
   >   ],
   >   "internal": true
   > }
[2022/03/10 20:04:27.521] - eth_getTransactionCount
[2022/03/10 20:04:27.522] -    > {
   >   "jsonrpc": "2.0",
   >   "id": 338,
   >   "method": "eth_getTransactionCount",
   >   "params": [
   >     "0xda89e2c8b86f0fb6654da8576167ed9470f9822e",
   >     "latest"
   >   ],
   >   "internal": true
   > }
[2022/03/10 20:04:27.524] - eth_getBalance
[2022/03/10 20:04:27.525] -    > {
   >   "jsonrpc": "2.0",
   >   "id": 339,
   >   "method": "eth_getBalance",
   >   "params": [
   >     "0xe55fe5198fc36a19302f2bdf20664b5592f4e458",
   >     "latest"
   >   ],
   >   "internal": true
   > }
[2022/03/10 20:04:27.527] - eth_getTransactionCount
[2022/03/10 20:04:27.528] -    > {
   >   "jsonrpc": "2.0",
   >   "id": 340,
   >   "method": "eth_getTransactionCount",
   >   "params": [
   >     "0xe55fe5198fc36a19302f2bdf20664b5592f4e458",
   >     "latest"
   >   ],
   >   "internal": true
   > }
[2022/03/10 20:04:27.531] - eth_getBalance
[2022/03/10 20:04:27.532] -    > {
   >   "jsonrpc": "2.0",
   >   "id": 341,
   >   "method": "eth_getBalance",
   >   "params": [
   >     "0x076c32748b1837a1f3d78886d0609909b77e29d1",
   >     "latest"
   >   ],
   >   "internal": true
   > }
[2022/03/10 20:04:27.538] - eth_getTransactionCount
[2022/03/10 20:04:27.539] -    > {
   >   "jsonrpc": "2.0",
   >   "id": 342,
   >   "method": "eth_getTransactionCount",
   >   "params": [
   >     "0x076c32748b1837a1f3d78886d0609909b77e29d1",
   >     "latest"
   >   ],
   >   "internal": true
   > }
[2022/03/10 20:04:27.540] - eth_getBalance
[2022/03/10 20:04:27.541] -    > {
   >   "jsonrpc": "2.0",
   >   "id": 343,
   >   "method": "eth_getBalance",
   >   "params": [
   >     "0x10d5b2457c3295e9e213b4754e115a67ddec68ab",
   >     "latest"
   >   ],
   >   "internal": true
   > }
[2022/03/10 20:04:27.542] - eth_getTransactionCount
[2022/03/10 20:04:27.543] -    > {
   >   "jsonrpc": "2.0",
   >   "id": 344,
   >   "method": "eth_getTransactionCount",
   >   "params": [
   >     "0x10d5b2457c3295e9e213b4754e115a67ddec68ab",
   >     "latest"
   >   ],
   >   "internal": true
   > }
[2022/03/10 20:04:27.544] - eth_getBalance
[2022/03/10 20:04:27.546] -    > {
   >   "jsonrpc": "2.0",
   >   "id": 345,
   >   "method": "eth_getBalance",
   >   "params": [
   >     "0x322d77b905a4621da6e7cfbb3d27045fcb1fead4",
   >     "latest"
   >   ],
   >   "internal": true
   > }
[2022/03/10 20:04:27.547] - eth_getTransactionCount
[2022/03/10 20:04:27.548] -    > {
   >   "jsonrpc": "2.0",
   >   "id": 346,
   >   "method": "eth_getTransactionCount",
   >   "params": [
   >     "0x322d77b905a4621da6e7cfbb3d27045fcb1fead4",
   >     "latest"
   >   ],
   >   "internal": true
   > }
[2022/03/10 20:04:27.549] - eth_getBalance
[2022/03/10 20:04:27.551] -    > {
   >   "jsonrpc": "2.0",
   >   "id": 347,
   >   "method": "eth_getBalance",
   >   "params": [
   >     "0x7c96e9f126fc34ce15e84037388e36cfeb05fdb5",
   >     "latest"
   >   ],
   >   "internal": true
   > }
[2022/03/10 20:04:27.552] - eth_getTransactionCount
[2022/03/10 20:04:27.553] -    > {
   >   "jsonrpc": "2.0",
   >   "id": 348,
   >   "method": "eth_getTransactionCount",
   >   "params": [
   >     "0x7c96e9f126fc34ce15e84037388e36cfeb05fdb5",
   >     "latest"
   >   ],
   >   "internal": true
   > }
[2022/03/10 20:04:27.555] -  <   {
 <     "id": 288,
 <     "jsonrpc": "2.0",
 <     "result": "0x56bc75e2d63100000"
 <   }
[2022/03/10 20:04:27.560] -  <   {
 <     "id": 289,
 <     "jsonrpc": "2.0",
 <     "result": "0x0"
 <   }
[2022/03/10 20:04:27.637] - eth_getBalance
[2022/03/10 20:04:27.750] -    > {
   >   "jsonrpc": "2.0",
   >   "id": 349,
   >   "method": "eth_getBalance",
   >   "params": [
   >     "0xb6b2b4af57ab855a0b28c474a45b46df019f05bf",
   >     "latest"
   >   ],
   >   "internal": true
   > }
[2022/03/10 20:04:27.751] - eth_getTransactionCount
[2022/03/10 20:04:27.752] -    > {
   >   "jsonrpc": "2.0",
   >   "id": 350,
   >   "method": "eth_getTransactionCount",
   >   "params": [
   >     "0xb6b2b4af57ab855a0b28c474a45b46df019f05bf",
   >     "latest"
   >   ],
   >   "internal": true
   > }
[2022/03/10 20:04:27.888] - eth_getBalance
[2022/03/10 20:04:27.889] -    > {
   >   "jsonrpc": "2.0",
   >   "id": 351,
   >   "method": "eth_getBalance",
   >   "params": [
   >     "0xdff908c4b6e1baed0af22b63a116b0ba640ab4a1",
   >     "latest"
   >   ],
   >   "internal": true
   > }
[2022/03/10 20:04:27.890] - eth_getTransactionCount
[2022/03/10 20:04:27.892] -    > {
   >   "jsonrpc": "2.0",
   >   "id": 352,
   >   "method": "eth_getTransactionCount",
   >   "params": [
   >     "0xdff908c4b6e1baed0af22b63a116b0ba640ab4a1",
   >     "latest"
   >   ],
   >   "internal": true
   > }
[2022/03/10 20:04:27.895] - eth_getBalance
[2022/03/10 20:04:27.896] -    > {
   >   "jsonrpc": "2.0",
   >   "id": 353,
   >   "method": "eth_getBalance",
   >   "params": [
   >     "0x7a9ecbf6b8eda0fb08d0d6b2233179fc95a95f3d",
   >     "latest"
   >   ],
   >   "internal": true
   > }
[2022/03/10 20:04:27.898] - eth_getTransactionCount
[2022/03/10 20:04:27.899] -    > {
   >   "jsonrpc": "2.0",
   >   "id": 354,
   >   "method": "eth_getTransactionCount",
   >   "params": [
   >     "0x7a9ecbf6b8eda0fb08d0d6b2233179fc95a95f3d",
   >     "latest"
   >   ],
   >   "internal": true
   > }
[2022/03/10 20:04:27.901] -  <   {
 <     "id": 290,
 <     "jsonrpc": "2.0",
 <     "result": "0x56bc75e2d63100000"
 <   }
[2022/03/10 20:04:27.902] - eth_getBalance
[2022/03/10 20:04:27.903] -    > {
   >   "jsonrpc": "2.0",
   >   "id": 355,
   >   "method": "eth_getBalance",
   >   "params": [
   >     "0xe81f26e024c69488ef11e7364526c38c85b35cab",
   >     "latest"
   >   ],
   >   "internal": true
   > }
[2022/03/10 20:04:27.905] - eth_getTransactionCount
[2022/03/10 20:04:28.014] -    > {
   >   "jsonrpc": "2.0",
   >   "id": 356,
   >   "method": "eth_getTransactionCount",
   >   "params": [
   >     "0xe81f26e024c69488ef11e7364526c38c85b35cab",
   >     "latest"
   >   ],
   >   "internal": true
   > }
[2022/03/10 20:04:28.017] -  <   {
 <     "id": 291,
 <     "jsonrpc": "2.0",
 <     "result": "0x0"
 <   }
[2022/03/10 20:04:28.018] - eth_getBalance
[2022/03/10 20:04:28.019] -    > {
   >   "jsonrpc": "2.0",
   >   "id": 357,
   >   "method": "eth_getBalance",
   >   "params": [
   >     "0xda89e2c8b86f0fb6654da8576167ed9470f9822e",
   >     "latest"
   >   ],
   >   "internal": true
   > }
[2022/03/10 20:04:28.021] - eth_getTransactionCount
[2022/03/10 20:04:28.021] -    > {
   >   "jsonrpc": "2.0",
   >   "id": 358,
   >   "method": "eth_getTransactionCount",
   >   "params": [
   >     "0xda89e2c8b86f0fb6654da8576167ed9470f9822e",
   >     "latest"
   >   ],
   >   "internal": true
   > }
[2022/03/10 20:04:28.023] - eth_getBalance
[2022/03/10 20:04:28.025] -    > {
   >   "jsonrpc": "2.0",
   >   "id": 359,
   >   "method": "eth_getBalance",
   >   "params": [
   >     "0xe55fe5198fc36a19302f2bdf20664b5592f4e458",
   >     "latest"
   >   ],
   >   "internal": true
   > }
[2022/03/10 20:04:28.026] - eth_getTransactionCount
[2022/03/10 20:04:28.027] -    > {
   >   "jsonrpc": "2.0",
   >   "id": 360,
   >   "method": "eth_getTransactionCount",
   >   "params": [
   >     "0xe55fe5198fc36a19302f2bdf20664b5592f4e458",
   >     "latest"
   >   ],
   >   "internal": true
   > }
[2022/03/10 20:04:28.028] - eth_getBalance
[2022/03/10 20:04:28.029] -    > {
   >   "jsonrpc": "2.0",
   >   "id": 361,
   >   "method": "eth_getBalance",
   >   "params": [
   >     "0x076c32748b1837a1f3d78886d0609909b77e29d1",
   >     "latest"
   >   ],
   >   "internal": true
   > }
[2022/03/10 20:04:28.030] - eth_getTransactionCount
[2022/03/10 20:04:28.031] -    > {
   >   "jsonrpc": "2.0",
   >   "id": 362,
   >   "method": "eth_getTransactionCount",
   >   "params": [
   >     "0x076c32748b1837a1f3d78886d0609909b77e29d1",
   >     "latest"
   >   ],
   >   "internal": true
   > }
[2022/03/10 20:04:28.032] - eth_getBalance
[2022/03/10 20:04:28.033] -    > {
   >   "jsonrpc": "2.0",
   >   "id": 363,
   >   "method": "eth_getBalance",
   >   "params": [
   >     "0x10d5b2457c3295e9e213b4754e115a67ddec68ab",
   >     "latest"
   >   ],
   >   "internal": true
   > }
[2022/03/10 20:04:28.034] - eth_getTransactionCount
[2022/03/10 20:04:28.035] -    > {
   >   "jsonrpc": "2.0",
   >   "id": 364,
   >   "method": "eth_getTransactionCount",
   >   "params": [
   >     "0x10d5b2457c3295e9e213b4754e115a67ddec68ab",
   >     "latest"
   >   ],
   >   "internal": true
   > }
[2022/03/10 20:04:28.036] - eth_getBalance
[2022/03/10 20:04:28.037] -    > {
   >   "jsonrpc": "2.0",
   >   "id": 365,
   >   "method": "eth_getBalance",
   >   "params": [
   >     "0x322d77b905a4621da6e7cfbb3d27045fcb1fead4",
   >     "latest"
   >   ],
   >   "internal": true
   > }
[2022/03/10 20:04:28.038] - eth_getTransactionCount
[2022/03/10 20:04:28.039] -    > {
   >   "jsonrpc": "2.0",
   >   "id": 366,
   >   "method": "eth_getTransactionCount",
   >   "params": [
   >     "0x322d77b905a4621da6e7cfbb3d27045fcb1fead4",
   >     "latest"
   >   ],
   >   "internal": true
   > }
[2022/03/10 20:04:28.041] - eth_getBalance
[2022/03/10 20:04:28.042] -    > {
   >   "jsonrpc": "2.0",
   >   "id": 367,
   >   "method": "eth_getBalance",
   >   "params": [
   >     "0x7c96e9f126fc34ce15e84037388e36cfeb05fdb5",
   >     "latest"
   >   ],
   >   "internal": true
   > }
[2022/03/10 20:04:28.042] - eth_getTransactionCount
[2022/03/10 20:04:28.044] -    > {
   >   "jsonrpc": "2.0",
   >   "id": 368,
   >   "method": "eth_getTransactionCount",
   >   "params": [
   >     "0x7c96e9f126fc34ce15e84037388e36cfeb05fdb5",
   >     "latest"
   >   ],
   >   "internal": true
   > }
[2022/03/10 20:04:28.046] -  <   {
 <     "id": 292,
 <     "jsonrpc": "2.0",
 <     "result": "0x56bc75e2d63100000"
 <   }
[2022/03/10 20:04:28.051] -  <   {
 <     "id": 293,
 <     "jsonrpc": "2.0",
 <     "result": "0x0"
 <   }
[2022/03/10 20:04:28.287] -  <   {
 <     "id": 294,
 <     "jsonrpc": "2.0",
 <     "result": "0x56bc75e2d63100000"
 <   }
[2022/03/10 20:04:28.290] -  <   {
 <     "id": 295,
 <     "jsonrpc": "2.0",
 <     "result": "0x0"
 <   }
[2022/03/10 20:04:28.295] -  <   {
 <     "id": 296,
 <     "jsonrpc": "2.0",
 <     "result": "0x56bc75e2d63100000"
 <   }
[2022/03/10 20:04:28.298] -  <   {
 <     "id": 297,
 <     "jsonrpc": "2.0",
 <     "result": "0x0"
 <   }
[2022/03/10 20:04:28.302] -  <   {
 <     "id": 298,
 <     "jsonrpc": "2.0",
 <     "result": "0x56bc75e2d63100000"
 <   }
[2022/03/10 20:04:28.305] -  <   {
 <     "id": 299,
 <     "jsonrpc": "2.0",
 <     "result": "0x0"
 <   }
[2022/03/10 20:04:28.309] -  <   {
 <     "id": 300,
 <     "jsonrpc": "2.0",
 <     "result": "0x56bc75e2d63100000"
 <   }
[2022/03/10 20:04:28.312] -  <   {
 <     "id": 301,
 <     "jsonrpc": "2.0",
 <     "result": "0x0"
 <   }
[2022/03/10 20:04:28.317] -  <   {
 <     "id": 302,
 <     "jsonrpc": "2.0",
 <     "result": "0x56bc75e2d63100000"
 <   }
[2022/03/10 20:04:28.321] -  <   {
 <     "id": 303,
 <     "jsonrpc": "2.0",
 <     "result": "0x0"
 <   }
[2022/03/10 20:04:28.325] -  <   {
 <     "id": 304,
 <     "jsonrpc": "2.0",
 <     "result": "0x56bc75e2d63100000"
 <   }
[2022/03/10 20:04:28.329] -  <   {
 <     "id": 305,
 <     "jsonrpc": "2.0",
 <     "result": "0x0"
 <   }
[2022/03/10 20:04:28.333] -  <   {
 <     "id": 306,
 <     "jsonrpc": "2.0",
 <     "result": "0x56bc75e2d63100000"
 <   }
[2022/03/10 20:04:28.338] -  <   {
 <     "id": 307,
 <     "jsonrpc": "2.0",
 <     "result": "0x0"
 <   }
[2022/03/10 20:04:28.342] -  <   {
 <     "id": 309,
 <     "jsonrpc": "2.0",
 <     "result": "0x56bc75e2d63100000"
 <   }
[2022/03/10 20:04:28.345] -  <   {
 <     "id": 310,
 <     "jsonrpc": "2.0",
 <     "result": "0x0"
 <   }
[2022/03/10 20:04:28.348] -  <   {
 <     "id": 311,
 <     "jsonrpc": "2.0",
 <     "result": "0x56bc75e2d63100000"
 <   }
[2022/03/10 20:04:28.351] -  <   {
 <     "id": 312,
 <     "jsonrpc": "2.0",
 <     "result": "0x0"
 <   }
[2022/03/10 20:04:28.356] -  <   {
 <     "id": 313,
 <     "jsonrpc": "2.0",
 <     "result": "0x56bc75e2d63100000"
 <   }
[2022/03/10 20:04:28.359] -  <   {
 <     "id": 314,
 <     "jsonrpc": "2.0",
 <     "result": "0x0"
 <   }
[2022/03/10 20:04:28.363] -  <   {
 <     "id": 315,
 <     "jsonrpc": "2.0",
 <     "result": "0x56bc75e2d63100000"
 <   }
[2022/03/10 20:04:28.366] -  <   {
 <     "id": 316,
 <     "jsonrpc": "2.0",
 <     "result": "0x0"
 <   }
[2022/03/10 20:04:28.369] -  <   {
 <     "id": 317,
 <     "jsonrpc": "2.0",
 <     "result": "0x56bc75e2d63100000"
 <   }
[2022/03/10 20:04:28.373] -  <   {
 <     "id": 318,
 <     "jsonrpc": "2.0",
 <     "result": "0x0"
 <   }
[2022/03/10 20:04:28.377] -  <   {
 <     "id": 319,
 <     "jsonrpc": "2.0",
 <     "result": "0x56bc75e2d63100000"
 <   }
[2022/03/10 20:04:28.379] -  <   {
 <     "id": 320,
 <     "jsonrpc": "2.0",
 <     "result": "0x0"
 <   }
[2022/03/10 20:04:28.382] -  <   {
 <     "id": 321,
 <     "jsonrpc": "2.0",
 <     "result": "0x56bc75e2d63100000"
 <   }
[2022/03/10 20:04:28.385] -  <   {
 <     "id": 322,
 <     "jsonrpc": "2.0",
 <     "result": "0x0"
 <   }
[2022/03/10 20:04:28.388] -  <   {
 <     "id": 323,
 <     "jsonrpc": "2.0",
 <     "result": "0x56bc75e2d63100000"
 <   }
[2022/03/10 20:04:28.392] -  <   {
 <     "id": 324,
 <     "jsonrpc": "2.0",
 <     "result": "0x0"
 <   }
[2022/03/10 20:04:28.397] -  <   {
 <     "id": 325,
 <     "jsonrpc": "2.0",
 <     "result": "0x56bc75e2d63100000"
 <   }
[2022/03/10 20:04:28.399] -  <   {
 <     "id": 326,
 <     "jsonrpc": "2.0",
 <     "result": "0x0"
 <   }
[2022/03/10 20:04:28.402] -  <   {
 <     "id": 327,
 <     "jsonrpc": "2.0",
 <     "result": "0x56bc75e2d63100000"
 <   }
[2022/03/10 20:04:28.405] -  <   {
 <     "id": 328,
 <     "jsonrpc": "2.0",
 <     "result": "0x0"
 <   }
[2022/03/10 20:04:28.408] -  <   {
 <     "id": 329,
 <     "jsonrpc": "2.0",
 <     "result": "0x56bc75e2d63100000"
 <   }
[2022/03/10 20:04:28.412] -  <   {
 <     "id": 330,
 <     "jsonrpc": "2.0",
 <     "result": "0x0"
 <   }
[2022/03/10 20:04:28.414] -  <   {
 <     "id": 331,
 <     "jsonrpc": "2.0",
 <     "result": "0x56bc75e2d63100000"
 <   }
[2022/03/10 20:04:28.417] -  <   {
 <     "id": 332,
 <     "jsonrpc": "2.0",
 <     "result": "0x0"
 <   }
[2022/03/10 20:04:28.420] -  <   {
 <     "id": 333,
 <     "jsonrpc": "2.0",
 <     "result": "0x56bc75e2d63100000"
 <   }
[2022/03/10 20:04:28.424] -  <   {
 <     "id": 334,
 <     "jsonrpc": "2.0",
 <     "result": "0x0"
 <   }
[2022/03/10 20:04:28.429] -  <   {
 <     "id": 335,
 <     "jsonrpc": "2.0",
 <     "result": "0x56bc75e2d63100000"
 <   }
[2022/03/10 20:04:28.433] -  <   {
 <     "id": 336,
 <     "jsonrpc": "2.0",
 <     "result": "0x0"
 <   }
[2022/03/10 20:04:28.436] -  <   {
 <     "id": 337,
 <     "jsonrpc": "2.0",
 <     "result": "0x56bc75e2d63100000"
 <   }
[2022/03/10 20:04:28.439] -  <   {
 <     "id": 338,
 <     "jsonrpc": "2.0",
 <     "result": "0x0"
 <   }
[2022/03/10 20:04:28.442] -  <   {
 <     "id": 339,
 <     "jsonrpc": "2.0",
 <     "result": "0x56bc75e2d63100000"
 <   }
[2022/03/10 20:04:28.445] -  <   {
 <     "id": 340,
 <     "jsonrpc": "2.0",
 <     "result": "0x0"
 <   }
[2022/03/10 20:04:28.448] -  <   {
 <     "id": 341,
 <     "jsonrpc": "2.0",
 <     "result": "0x56bc75e2d63100000"
 <   }
[2022/03/10 20:04:28.451] -  <   {
 <     "id": 342,
 <     "jsonrpc": "2.0",
 <     "result": "0x0"
 <   }
[2022/03/10 20:04:28.455] -  <   {
 <     "id": 343,
 <     "jsonrpc": "2.0",
 <     "result": "0x56bc75e2d63100000"
 <   }
[2022/03/10 20:04:28.458] -  <   {
 <     "id": 344,
 <     "jsonrpc": "2.0",
 <     "result": "0x0"
 <   }
[2022/03/10 20:04:28.463] -  <   {
 <     "id": 345,
 <     "jsonrpc": "2.0",
 <     "result": "0x56bc75e2d63100000"
 <   }
[2022/03/10 20:04:28.465] -  <   {
 <     "id": 346,
 <     "jsonrpc": "2.0",
 <     "result": "0x0"
 <   }
[2022/03/10 20:04:28.469] -  <   {
 <     "id": 347,
 <     "jsonrpc": "2.0",
 <     "result": "0x56bc75e2d63100000"
 <   }
[2022/03/10 20:04:28.472] -  <   {
 <     "id": 348,
 <     "jsonrpc": "2.0",
 <     "result": "0x0"
 <   }
[2022/03/10 20:04:28.475] -  <   {
 <     "id": 349,
 <     "jsonrpc": "2.0",
 <     "result": "0x56bc75e2d63100000"
 <   }
[2022/03/10 20:04:28.477] -  <   {
 <     "id": 350,
 <     "jsonrpc": "2.0",
 <     "result": "0x0"
 <   }
[2022/03/10 20:04:28.481] -  <   {
 <     "id": 351,
 <     "jsonrpc": "2.0",
 <     "result": "0x56bc75e2d63100000"
 <   }
[2022/03/10 20:04:28.484] -  <   {
 <     "id": 352,
 <     "jsonrpc": "2.0",
 <     "result": "0x0"
 <   }
[2022/03/10 20:04:28.489] -  <   {
 <     "id": 353,
 <     "jsonrpc": "2.0",
 <     "result": "0x56bc75e2d63100000"
 <   }
[2022/03/10 20:04:28.492] -  <   {
 <     "id": 354,
 <     "jsonrpc": "2.0",
 <     "result": "0x0"
 <   }
[2022/03/10 20:04:28.497] -  <   {
 <     "id": 355,
 <     "jsonrpc": "2.0",
 <     "result": "0x56bc75e2d63100000"
 <   }
[2022/03/10 20:04:28.499] -  <   {
 <     "id": 356,
 <     "jsonrpc": "2.0",
 <     "result": "0x0"
 <   }
[2022/03/10 20:04:28.503] -  <   {
 <     "id": 357,
 <     "jsonrpc": "2.0",
 <     "result": "0x56bc75e2d63100000"
 <   }
[2022/03/10 20:04:28.506] -  <   {
 <     "id": 358,
 <     "jsonrpc": "2.0",
 <     "result": "0x0"
 <   }
[2022/03/10 20:04:28.509] -  <   {
 <     "id": 359,
 <     "jsonrpc": "2.0",
 <     "result": "0x56bc75e2d63100000"
 <   }
[2022/03/10 20:04:28.512] -  <   {
 <     "id": 360,
 <     "jsonrpc": "2.0",
 <     "result": "0x0"
 <   }
[2022/03/10 20:04:28.514] -  <   {
 <     "id": 361,
 <     "jsonrpc": "2.0",
 <     "result": "0x56bc75e2d63100000"
 <   }
[2022/03/10 20:04:28.518] -  <   {
 <     "id": 362,
 <     "jsonrpc": "2.0",
 <     "result": "0x0"
 <   }
[2022/03/10 20:04:28.521] -  <   {
 <     "id": 363,
 <     "jsonrpc": "2.0",
 <     "result": "0x56bc75e2d63100000"
 <   }
[2022/03/10 20:04:28.525] -  <   {
 <     "id": 364,
 <     "jsonrpc": "2.0",
 <     "result": "0x0"
 <   }
[2022/03/10 20:04:28.527] -  <   {
 <     "id": 365,
 <     "jsonrpc": "2.0",
 <     "result": "0x56bc75e2d63100000"
 <   }
[2022/03/10 20:04:28.531] -  <   {
 <     "id": 366,
 <     "jsonrpc": "2.0",
 <     "result": "0x0"
 <   }
[2022/03/10 20:04:28.534] -  <   {
 <     "id": 367,
 <     "jsonrpc": "2.0",
 <     "result": "0x56bc75e2d63100000"
 <   }
[2022/03/10 20:04:28.537] -  <   {
 <     "id": 368,
 <     "jsonrpc": "2.0",
 <     "result": "0x0"
 <   }
[2022/03/10 20:05:26.319] - eth_getBlockByNumber
[2022/03/10 20:05:26.320] -    > {
   >   "jsonrpc": "2.0",
   >   "id": 369,
   >   "method": "eth_getBlockByNumber",
   >   "params": [
   >     "0x0",
   >     false
   >   ],
   >   "internal": true
   > }
[2022/03/10 20:05:26.323] -  <   {
 <     "id": 369,
 <     "jsonrpc": "2.0",
 <     "result": {
 <       "number": "0x0",
 <       "hash": "0x033f64772c3e7bd542e2ec9bf3a77c5a6f80787d7948d2ca4b782a04ad6856ee",
 <       "parentHash": "0x0000000000000000000000000000000000000000000000000000000000000000",
 <       "mixHash": "0x0000000000000000000000000000000000000000000000000000000000000000",
 <       "nonce": "0x0000000000000000",
 <       "sha3Uncles": "0x1dcc4de8dec75d7aab85b567b6ccd41ad312451b948a7413f0a142fd40d49347",
 <       "logsBloom": "0x00000000000000000000000000000000000000000000000000000000000000000000000000000000000000000000000000000000000000000000000000000000000000000000000000000000000000000000000000000000000000000000000000000000000000000000000000000000000000000000000000000000000000000000000000000000000000000000000000000000000000000000000000000000000000000000000000000000000000000000000000000000000000000000000000000000000000000000000000000000000000000000000000000000000000000000000000000000000000000000000000000000000000000000000000000000",
 <       "transactionsRoot": "0x56e81f171bcc55a6ff8345e692c0f86e5b48e01b996cadc001622fb5e363b421",
 <       "stateRoot": "0xa4ad5555520364c4f1d3623501ad902f30456e56043107eea084ac661d9172a0",
 <       "receiptsRoot": "0x56e81f171bcc55a6ff8345e692c0f86e5b48e01b996cadc001622fb5e363b421",
 <       "miner": "0x0000000000000000000000000000000000000000",
 <       "difficulty": "0x0",
 <       "totalDifficulty": "0x0",
 <       "extraData": "0x",
 <       "size": "0x3e8",
 <       "gasLimit": "0x6691b7",
 <       "gasUsed": "0x0",
 <       "timestamp": "0x622a49de",
 <       "transactions": [],
 <       "uncles": []
 <     }
 <   }
[2022/03/10 20:05:26.340] - eth_getBlockTransactionCountByHash
[2022/03/10 20:05:26.342] -    > {
   >   "jsonrpc": "2.0",
   >   "id": 370,
   >   "method": "eth_getBlockTransactionCountByHash",
   >   "params": [
   >     "0x033f64772c3e7bd542e2ec9bf3a77c5a6f80787d7948d2ca4b782a04ad6856ee"
   >   ],
   >   "internal": true
   > }
[2022/03/10 20:05:26.346] -  <   {
 <     "id": 370,
 <     "jsonrpc": "2.0",
 <     "result": "0x0"
 <   }
[2022/03/10 20:05:30.085] - eth_getBlockByNumber
[2022/03/10 20:05:30.134] -    > {
   >   "jsonrpc": "2.0",
   >   "id": 371,
   >   "method": "eth_getBlockByNumber",
   >   "params": [
   >     "0x0",
   >     true
   >   ],
   >   "internal": true
   > }
[2022/03/10 20:05:30.138] -  <   {
 <     "id": 371,
 <     "jsonrpc": "2.0",
 <     "result": {
 <       "number": "0x0",
 <       "hash": "0x033f64772c3e7bd542e2ec9bf3a77c5a6f80787d7948d2ca4b782a04ad6856ee",
 <       "parentHash": "0x0000000000000000000000000000000000000000000000000000000000000000",
 <       "mixHash": "0x0000000000000000000000000000000000000000000000000000000000000000",
 <       "nonce": "0x0000000000000000",
 <       "sha3Uncles": "0x1dcc4de8dec75d7aab85b567b6ccd41ad312451b948a7413f0a142fd40d49347",
 <       "logsBloom": "0x00000000000000000000000000000000000000000000000000000000000000000000000000000000000000000000000000000000000000000000000000000000000000000000000000000000000000000000000000000000000000000000000000000000000000000000000000000000000000000000000000000000000000000000000000000000000000000000000000000000000000000000000000000000000000000000000000000000000000000000000000000000000000000000000000000000000000000000000000000000000000000000000000000000000000000000000000000000000000000000000000000000000000000000000000000000",
 <       "transactionsRoot": "0x56e81f171bcc55a6ff8345e692c0f86e5b48e01b996cadc001622fb5e363b421",
 <       "stateRoot": "0xa4ad5555520364c4f1d3623501ad902f30456e56043107eea084ac661d9172a0",
 <       "receiptsRoot": "0x56e81f171bcc55a6ff8345e692c0f86e5b48e01b996cadc001622fb5e363b421",
 <       "miner": "0x0000000000000000000000000000000000000000",
 <       "difficulty": "0x0",
 <       "totalDifficulty": "0x0",
 <       "extraData": "0x",
 <       "size": "0x3e8",
 <       "gasLimit": "0x6691b7",
 <       "gasUsed": "0x0",
 <       "timestamp": "0x622a49de",
 <       "transactions": [],
 <       "uncles": []
 <     }
 <   }
[2022/03/10 20:05:31.734] - eth_getLogs
[2022/03/10 20:05:31.735] -    > {
   >   "jsonrpc": "2.0",
   >   "id": 373,
   >   "method": "eth_getLogs",
   >   "params": [
   >     {
   >       "fromBlock": "0x0",
   >       "toBlock": "0x0",
   >       "topics": []
   >     }
   >   ],
   >   "internal": true
   > }
[2022/03/10 20:05:31.738] -  <   {
 <     "id": 373,
 <     "jsonrpc": "2.0",
 <     "result": []
 <   }
[2022/03/10 20:05:38.879] - eth_unsubscribe
[2022/03/10 20:05:38.881] -    > {
   >   "jsonrpc": "2.0",
   >   "id": 31,
   >   "method": "eth_unsubscribe",
   >   "params": [
   >     "0x3"
   >   ]
   > }
[2022/03/10 20:05:38.882] - eth_unsubscribe
[2022/03/10 20:05:38.883] -    > {
   >   "jsonrpc": "2.0",
   >   "id": 32,
   >   "method": "eth_unsubscribe",
   >   "params": [
   >     "0x4"
   >   ]
   > }
[2022/03/10 20:05:38.884] -  <   {
 <     "id": 31,
 <     "jsonrpc": "2.0",
 <     "result": true
 <   }
[2022/03/10 20:05:38.885] -    > {
   >   "jsonrpc": "2.0",
   >   "method": "eth_unsubscribe",
   >   "params": [
   >     "0x6"
   >   ],
   >   "id": 1646939138885
   > }
[2022/03/10 20:05:38.887] -    > {
   >   "jsonrpc": "2.0",
   >   "method": "eth_unsubscribe",
   >   "params": [
   >     "0x4"
   >   ],
   >   "id": 1646939138886
   > }
[2022/03/10 20:05:38.888] -    > {
   >   "jsonrpc": "2.0",
   >   "method": "eth_unsubscribe",
   >   "params": [
   >     "0x5"
   >   ],
   >   "id": 1646939138888
   > }
[2022/03/10 20:05:38.888] -    > {
   >   "jsonrpc": "2.0",
   >   "method": "eth_unsubscribe",
   >   "params": [
   >     "0x1"
   >   ],
   >   "id": 1646939138888
   > }
[2022/03/10 20:05:38.890] -    > {
   >   "jsonrpc": "2.0",
   >   "method": "eth_unsubscribe",
   >   "params": [
   >     "0x2"
   >   ],
   >   "id": 1646939138889
   > }
[2022/03/10 20:05:38.892] -  <   {
 <     "id": 32,
 <     "jsonrpc": "2.0",
 <     "result": true
 <   }
[2022/03/10 20:05:38.894] -  <   {
 <     "id": 1646939138885,
 <     "jsonrpc": "2.0",
 <     "result": true
 <   }
[2022/03/10 20:05:38.896] -  <   {
 <     "id": 1646939138886,
 <     "jsonrpc": "2.0",
 <     "error": {
 <       "message": "Subscription ID 0x4 not found.",
 <       "code": -32000,
 <       "data": {
 <         "stack": "Error: Subscription ID 0x4 not found.\n    at SubscriptionSubprovider.eth_unsubscribe (E:\\Program Files\\Ganache\\resources\\static\\node\\node_modules\\ganache-core\\node_modules\\web3-provider-engine\\subproviders\\subscriptions.js:78:8)\n    at SubscriptionSubprovider.handleRequest (E:\\Program Files\\Ganache\\resources\\static\\node\\node_modules\\ganache-core\\node_modules\\web3-provider-engine\\subproviders\\subscriptions.js:134:12)\n    at next (E:\\Program Files\\Ganache\\resources\\static\\node\\node_modules\\ganache-core\\node_modules\\web3-provider-engine\\index.js:136:18)\n    at DelayedBlockFilter.handleRequest (E:\\Program Files\\Ganache\\resources\\static\\node\\node_modules\\ganache-core\\lib\\subproviders\\delayedblockfilter.js:31:3)\n    at next (E:\\Program Files\\Ganache\\resources\\static\\node\\node_modules\\ganache-core\\node_modules\\web3-provider-engine\\index.js:136:18)\n    at RequestFunnel.handleRequest (E:\\Program Files\\Ganache\\resources\\static\\node\\node_modules\\ganache-core\\lib\\subproviders\\requestfunnel.js:32:12)\n    at next (E:\\Program Files\\Ganache\\resources\\static\\node\\node_modules\\ganache-core\\node_modules\\web3-provider-engine\\index.js:136:18)\n    at Web3ProviderEngine._handleAsync (E:\\Program Files\\Ganache\\resources\\static\\node\\node_modules\\ganache-core\\node_modules\\web3-provider-engine\\index.js:123:3)\n    at Timeout._onTimeout (E:\\Program Files\\Ganache\\resources\\static\\node\\node_modules\\ganache-core\\node_modules\\web3-provider-engine\\index.js:107:12)\n    at listOnTimeout (internal/timers.js:531:17)\n    at processTimers (internal/timers.js:475:7)",
 <         "name": "Error"
 <       }
 <     }
 <   }
[2022/03/10 20:05:38.899] -  <   {
 <     "id": 1646939138888,
 <     "jsonrpc": "2.0",
 <     "result": true
 <   }
[2022/03/10 20:05:38.901] -  <   {
 <     "id": 1646939138888,
 <     "jsonrpc": "2.0",
 <     "result": true
 <   }
[2022/03/10 20:05:38.903] -  <   {
 <     "id": 1646939138889,
 <     "jsonrpc": "2.0",
 <     "result": true
 <   }
