[2022/03/10 19:56:30.365] - Starting server with initial configuration: {"gasLimit":6721975,"gasPrice":20000000000,"hardfork":"muirGlacier","hostname":"127.0.0.1","port":7545,"network_id":5777,"default_balance_ether":100,"total_accounts":10,"unlocked_accounts":[],"locked":false,"vmErrorsOnRPCResponse":true,"verbose":true,"db_path":"C:\\Users\\hp\\AppData\\Roaming\\Ganache\\workspaces\\silent-toothpaste\\chaindata","logDirectory":"C:\\wamp64\\www\\SOLIDITY\\LOGS"}
[2022/03/10 19:56:32.599] - eth_subscribe
[2022/03/10 19:56:32.609] -    > {
   >   "jsonrpc": "2.0",
   >   "id": 9,
   >   "method": "eth_subscribe",
   >   "params": [
   >     "newHeads"
   >   ]
   > }
[2022/03/10 19:56:32.619] - eth_getLogs
[2022/03/10 19:56:32.621] -    > {
   >   "jsonrpc": "2.0",
   >   "id": 10,
   >   "method": "eth_getLogs",
   >   "params": [
   >     {
   >       "topics": []
   >     }
   >   ]
   > }
[2022/03/10 19:56:32.623] - eth_subscribe
[2022/03/10 19:56:32.625] -    > {
   >   "jsonrpc": "2.0",
   >   "id": 11,
   >   "method": "eth_subscribe",
   >   "params": [
   >     "logs",
   >     {
   >       "topics": []
   >     }
   >   ]
   > }
[2022/03/10 19:56:32.627] -  <   {
 <     "id": 9,
 <     "jsonrpc": "2.0",
 <     "result": "0x1"
 <   }
[2022/03/10 19:56:32.634] -  <   {
 <     "id": 10,
 <     "jsonrpc": "2.0",
 <     "result": []
 <   }
[2022/03/10 19:56:32.637] -  <   {
 <     "id": 11,
 <     "jsonrpc": "2.0",
 <     "result": "0x2"
 <   }
[2022/03/10 19:56:32.732] - eth_subscribe
[2022/03/10 19:56:32.734] -    > {
   >   "jsonrpc": "2.0",
   >   "id": 12,
   >   "method": "eth_subscribe",
   >   "params": [
   >     "newHeads"
   >   ]
   > }
[2022/03/10 19:56:32.735] - eth_getLogs
[2022/03/10 19:56:32.736] -    > {
   >   "jsonrpc": "2.0",
   >   "id": 13,
   >   "method": "eth_getLogs",
   >   "params": [
   >     {
   >       "topics": []
   >     }
   >   ]
   > }
[2022/03/10 19:56:32.738] - eth_subscribe
[2022/03/10 19:56:32.739] -    > {
   >   "jsonrpc": "2.0",
   >   "id": 14,
   >   "method": "eth_subscribe",
   >   "params": [
   >     "logs",
   >     {
   >       "topics": []
   >     }
   >   ]
   > }
[2022/03/10 19:56:32.740] -  <   {
 <     "id": 12,
 <     "jsonrpc": "2.0",
 <     "result": "0x3"
 <   }
[2022/03/10 19:56:32.746] -  <   {
 <     "id": 13,
 <     "jsonrpc": "2.0",
 <     "result": []
 <   }
[2022/03/10 19:56:32.750] -  <   {
 <     "id": 14,
 <     "jsonrpc": "2.0",
 <     "result": "0x4"
 <   }
[2022/03/10 19:56:32.829] - eth_blockNumber
[2022/03/10 19:56:32.831] -    > {
   >   "jsonrpc": "2.0",
   >   "id": 98,
   >   "method": "eth_blockNumber",
   >   "params": [],
   >   "internal": true
   > }
[2022/03/10 19:56:32.833] - eth_accounts
[2022/03/10 19:56:32.834] -    > {
   >   "jsonrpc": "2.0",
   >   "id": 99,
   >   "method": "eth_accounts",
   >   "params": [],
   >   "internal": true
   > }
[2022/03/10 19:56:32.835] - eth_blockNumber
[2022/03/10 19:56:32.836] -    > {
   >   "jsonrpc": "2.0",
   >   "id": 93,
   >   "method": "eth_blockNumber",
   >   "params": [],
   >   "internal": true
   > }
[2022/03/10 19:56:32.837] - eth_gasPrice
[2022/03/10 19:56:32.838] -    > {
   >   "jsonrpc": "2.0",
   >   "id": 100,
   >   "method": "eth_gasPrice",
   >   "params": [],
   >   "internal": true
   > }
[2022/03/10 19:56:32.839] - eth_accounts
[2022/03/10 19:56:32.840] -    > {
   >   "jsonrpc": "2.0",
   >   "id": 94,
   >   "method": "eth_accounts",
   >   "params": [],
   >   "internal": true
   > }
[2022/03/10 19:56:32.841] -  <   {
 <     "id": 98,
 <     "jsonrpc": "2.0",
 <     "result": "0x0"
 <   }
[2022/03/10 19:56:32.842] - eth_getBlockByNumber
[2022/03/10 19:56:32.843] -    > {
   >   "jsonrpc": "2.0",
   >   "id": 101,
   >   "method": "eth_getBlockByNumber",
   >   "params": [
   >     "latest",
   >     false
   >   ],
   >   "internal": true
   > }
[2022/03/10 19:56:32.845] - eth_gasPrice
[2022/03/10 19:56:32.848] -    > {
   >   "jsonrpc": "2.0",
   >   "id": 95,
   >   "method": "eth_gasPrice",
   >   "params": [],
   >   "internal": true
   > }
[2022/03/10 19:56:32.850] -  <   {
 <     "id": 99,
 <     "jsonrpc": "2.0",
 <     "result": [
 <       "0xb6b2b4af57ab855a0b28c474a45b46df019f05bf",
 <       "0xdff908c4b6e1baed0af22b63a116b0ba640ab4a1",
 <       "0x7a9ecbf6b8eda0fb08d0d6b2233179fc95a95f3d",
 <       "0xe81f26e024c69488ef11e7364526c38c85b35cab",
 <       "0xda89e2c8b86f0fb6654da8576167ed9470f9822e",
 <       "0xe55fe5198fc36a19302f2bdf20664b5592f4e458",
 <       "0x076c32748b1837a1f3d78886d0609909b77e29d1",
 <       "0x10d5b2457c3295e9e213b4754e115a67ddec68ab",
 <       "0x322d77b905a4621da6e7cfbb3d27045fcb1fead4",
 <       "0x7c96e9f126fc34ce15e84037388e36cfeb05fdb5"
 <     ]
 <   }
[2022/03/10 19:56:32.851] - eth_subscribe
[2022/03/10 19:56:32.853] -    > {
   >   "jsonrpc": "2.0",
   >   "id": 102,
   >   "method": "eth_subscribe",
   >   "params": [
   >     "newHeads"
   >   ],
   >   "internal": true
   > }
[2022/03/10 19:56:32.854] - eth_getBlockByNumber
[2022/03/10 19:56:32.855] -    > {
   >   "jsonrpc": "2.0",
   >   "id": 96,
   >   "method": "eth_getBlockByNumber",
   >   "params": [
   >     "latest",
   >     false
   >   ],
   >   "internal": true
   > }
[2022/03/10 19:56:32.856] -  <   {
 <     "id": 93,
 <     "jsonrpc": "2.0",
 <     "result": "0x0"
 <   }
[2022/03/10 19:56:32.857] - eth_subscribe
[2022/03/10 19:56:32.859] -    > {
   >   "jsonrpc": "2.0",
   >   "id": 97,
   >   "method": "eth_subscribe",
   >   "params": [
   >     "newHeads"
   >   ],
   >   "internal": true
   > }
[2022/03/10 19:56:32.859] -  <   {
 <     "id": 100,
 <     "jsonrpc": "2.0",
 <     "result": "0x4a817c800"
 <   }
[2022/03/10 19:56:32.861] - eth_accounts
[2022/03/10 19:56:32.864] -    > {
   >   "jsonrpc": "2.0",
   >   "id": 103,
   >   "method": "eth_accounts",
   >   "params": [],
   >   "internal": true
   > }
[2022/03/10 19:56:32.867] -  <   {
 <     "id": 94,
 <     "jsonrpc": "2.0",
 <     "result": [
 <       "0xb6b2b4af57ab855a0b28c474a45b46df019f05bf",
 <       "0xdff908c4b6e1baed0af22b63a116b0ba640ab4a1",
 <       "0x7a9ecbf6b8eda0fb08d0d6b2233179fc95a95f3d",
 <       "0xe81f26e024c69488ef11e7364526c38c85b35cab",
 <       "0xda89e2c8b86f0fb6654da8576167ed9470f9822e",
 <       "0xe55fe5198fc36a19302f2bdf20664b5592f4e458",
 <       "0x076c32748b1837a1f3d78886d0609909b77e29d1",
 <       "0x10d5b2457c3295e9e213b4754e115a67ddec68ab",
 <       "0x322d77b905a4621da6e7cfbb3d27045fcb1fead4",
 <       "0x7c96e9f126fc34ce15e84037388e36cfeb05fdb5"
 <     ]
 <   }
[2022/03/10 19:56:32.870] -  <   {
 <     "id": 101,
 <     "jsonrpc": "2.0",
 <     "result": {
 <       "number": "0x0",
 <       "hash": "0x033f64772c3e7bd542e2ec9bf3a77c5a6f80787d7948d2ca4b782a04ad6856ee",
 <       "parentHash": "0x0000000000000000000000000000000000000000000000000000000000000000",
 <       "mixHash": "0x0000000000000000000000000000000000000000000000000000000000000000",
 <       "nonce": "0x0000000000000000",
 <       "sha3Uncles": "0x1dcc4de8dec75d7aab85b567b6ccd41ad312451b948a7413f0a142fd40d49347",
 <       "logsBloom": "0x00000000000000000000000000000000000000000000000000000000000000000000000000000000000000000000000000000000000000000000000000000000000000000000000000000000000000000000000000000000000000000000000000000000000000000000000000000000000000000000000000000000000000000000000000000000000000000000000000000000000000000000000000000000000000000000000000000000000000000000000000000000000000000000000000000000000000000000000000000000000000000000000000000000000000000000000000000000000000000000000000000000000000000000000000000000",
 <       "transactionsRoot": "0x56e81f171bcc55a6ff8345e692c0f86e5b48e01b996cadc001622fb5e363b421",
 <       "stateRoot": "0xa4ad5555520364c4f1d3623501ad902f30456e56043107eea084ac661d9172a0",
 <       "receiptsRoot": "0x56e81f171bcc55a6ff8345e692c0f86e5b48e01b996cadc001622fb5e363b421",
 <       "miner": "0x0000000000000000000000000000000000000000",
 <       "difficulty": "0x0",
 <       "totalDifficulty": "0x0",
 <       "extraData": "0x",
 <       "size": "0x3e8",
 <       "gasLimit": "0x6691b7",
 <       "gasUsed": "0x0",
 <       "timestamp": "0x622a49de",
 <       "transactions": [],
 <       "uncles": []
 <     }
 <   }
[2022/03/10 19:56:32.872] -  <   {
 <     "id": 95,
 <     "jsonrpc": "2.0",
 <     "result": "0x4a817c800"
 <   }
[2022/03/10 19:56:32.874] -  <   {
 <     "id": 102,
 <     "jsonrpc": "2.0",
 <     "result": "0x5"
 <   }
[2022/03/10 19:56:32.878] -  <   {
 <     "id": 96,
 <     "jsonrpc": "2.0",
 <     "result": {
 <       "number": "0x0",
 <       "hash": "0x033f64772c3e7bd542e2ec9bf3a77c5a6f80787d7948d2ca4b782a04ad6856ee",
 <       "parentHash": "0x0000000000000000000000000000000000000000000000000000000000000000",
 <       "mixHash": "0x0000000000000000000000000000000000000000000000000000000000000000",
 <       "nonce": "0x0000000000000000",
 <       "sha3Uncles": "0x1dcc4de8dec75d7aab85b567b6ccd41ad312451b948a7413f0a142fd40d49347",
 <       "logsBloom": "0x00000000000000000000000000000000000000000000000000000000000000000000000000000000000000000000000000000000000000000000000000000000000000000000000000000000000000000000000000000000000000000000000000000000000000000000000000000000000000000000000000000000000000000000000000000000000000000000000000000000000000000000000000000000000000000000000000000000000000000000000000000000000000000000000000000000000000000000000000000000000000000000000000000000000000000000000000000000000000000000000000000000000000000000000000000000",
 <       "transactionsRoot": "0x56e81f171bcc55a6ff8345e692c0f86e5b48e01b996cadc001622fb5e363b421",
 <       "stateRoot": "0xa4ad5555520364c4f1d3623501ad902f30456e56043107eea084ac661d9172a0",
 <       "receiptsRoot": "0x56e81f171bcc55a6ff8345e692c0f86e5b48e01b996cadc001622fb5e363b421",
 <       "miner": "0x0000000000000000000000000000000000000000",
 <       "difficulty": "0x0",
 <       "totalDifficulty": "0x0",
 <       "extraData": "0x",
 <       "size": "0x3e8",
 <       "gasLimit": "0x6691b7",
 <       "gasUsed": "0x0",
 <       "timestamp": "0x622a49de",
 <       "transactions": [],
 <       "uncles": []
 <     }
 <   }
[2022/03/10 19:56:32.882] -  <   {
 <     "id": 97,
 <     "jsonrpc": "2.0",
 <     "result": "0x6"
 <   }
[2022/03/10 19:56:32.885] -  <   {
 <     "id": 103,
 <     "jsonrpc": "2.0",
 <     "result": [
 <       "0xb6b2b4af57ab855a0b28c474a45b46df019f05bf",
 <       "0xdff908c4b6e1baed0af22b63a116b0ba640ab4a1",
 <       "0x7a9ecbf6b8eda0fb08d0d6b2233179fc95a95f3d",
 <       "0xe81f26e024c69488ef11e7364526c38c85b35cab",
 <       "0xda89e2c8b86f0fb6654da8576167ed9470f9822e",
 <       "0xe55fe5198fc36a19302f2bdf20664b5592f4e458",
 <       "0x076c32748b1837a1f3d78886d0609909b77e29d1",
 <       "0x10d5b2457c3295e9e213b4754e115a67ddec68ab",
 <       "0x322d77b905a4621da6e7cfbb3d27045fcb1fead4",
 <       "0x7c96e9f126fc34ce15e84037388e36cfeb05fdb5"
 <     ]
 <   }
[2022/03/10 19:56:32.886] - eth_getBalance
[2022/03/10 19:56:32.888] -    > {
   >   "jsonrpc": "2.0",
   >   "id": 104,
   >   "method": "eth_getBalance",
   >   "params": [
   >     "0xb6b2b4af57ab855a0b28c474a45b46df019f05bf",
   >     "latest"
   >   ],
   >   "internal": true
   > }
[2022/03/10 19:56:32.892] -  <   {
 <     "id": 104,
 <     "jsonrpc": "2.0",
 <     "result": "0x56bc75e2d63100000"
 <   }
[2022/03/10 19:56:32.893] - eth_getTransactionCount
[2022/03/10 19:56:32.895] -    > {
   >   "jsonrpc": "2.0",
   >   "id": 105,
   >   "method": "eth_getTransactionCount",
   >   "params": [
   >     "0xb6b2b4af57ab855a0b28c474a45b46df019f05bf",
   >     "latest"
   >   ],
   >   "internal": true
   > }
[2022/03/10 19:56:32.899] -  <   {
 <     "id": 105,
 <     "jsonrpc": "2.0",
 <     "result": "0x0"
 <   }
[2022/03/10 19:56:32.901] - eth_getBalance
[2022/03/10 19:56:32.902] -    > {
   >   "jsonrpc": "2.0",
   >   "id": 106,
   >   "method": "eth_getBalance",
   >   "params": [
   >     "0xdff908c4b6e1baed0af22b63a116b0ba640ab4a1",
   >     "latest"
   >   ],
   >   "internal": true
   > }
[2022/03/10 19:56:32.905] -  <   {
 <     "id": 106,
 <     "jsonrpc": "2.0",
 <     "result": "0x56bc75e2d63100000"
 <   }
[2022/03/10 19:56:32.907] - eth_getTransactionCount
[2022/03/10 19:56:32.908] -    > {
   >   "jsonrpc": "2.0",
   >   "id": 107,
   >   "method": "eth_getTransactionCount",
   >   "params": [
   >     "0xdff908c4b6e1baed0af22b63a116b0ba640ab4a1",
   >     "latest"
   >   ],
   >   "internal": true
   > }
[2022/03/10 19:56:32.914] -  <   {
 <     "id": 107,
 <     "jsonrpc": "2.0",
 <     "result": "0x0"
 <   }
[2022/03/10 19:56:32.916] - eth_getBalance
[2022/03/10 19:56:32.917] -    > {
   >   "jsonrpc": "2.0",
   >   "id": 108,
   >   "method": "eth_getBalance",
   >   "params": [
   >     "0x7a9ecbf6b8eda0fb08d0d6b2233179fc95a95f3d",
   >     "latest"
   >   ],
   >   "internal": true
   > }
[2022/03/10 19:56:32.922] -  <   {
 <     "id": 108,
 <     "jsonrpc": "2.0",
 <     "result": "0x56bc75e2d63100000"
 <   }
[2022/03/10 19:56:32.924] - eth_getTransactionCount
[2022/03/10 19:56:32.925] -    > {
   >   "jsonrpc": "2.0",
   >   "id": 109,
   >   "method": "eth_getTransactionCount",
   >   "params": [
   >     "0x7a9ecbf6b8eda0fb08d0d6b2233179fc95a95f3d",
   >     "latest"
   >   ],
   >   "internal": true
   > }
[2022/03/10 19:56:32.932] -  <   {
 <     "id": 109,
 <     "jsonrpc": "2.0",
 <     "result": "0x0"
 <   }
[2022/03/10 19:56:32.935] - eth_getBalance
[2022/03/10 19:56:32.936] -    > {
   >   "jsonrpc": "2.0",
   >   "id": 110,
   >   "method": "eth_getBalance",
   >   "params": [
   >     "0xe81f26e024c69488ef11e7364526c38c85b35cab",
   >     "latest"
   >   ],
   >   "internal": true
   > }
[2022/03/10 19:56:32.939] -  <   {
 <     "id": 110,
 <     "jsonrpc": "2.0",
 <     "result": "0x56bc75e2d63100000"
 <   }
[2022/03/10 19:56:32.948] - eth_getTransactionCount
[2022/03/10 19:56:32.950] -    > {
   >   "jsonrpc": "2.0",
   >   "id": 111,
   >   "method": "eth_getTransactionCount",
   >   "params": [
   >     "0xe81f26e024c69488ef11e7364526c38c85b35cab",
   >     "latest"
   >   ],
   >   "internal": true
   > }
[2022/03/10 19:56:32.954] -  <   {
 <     "id": 111,
 <     "jsonrpc": "2.0",
 <     "result": "0x0"
 <   }
[2022/03/10 19:56:32.955] - eth_getBalance
[2022/03/10 19:56:32.957] -    > {
   >   "jsonrpc": "2.0",
   >   "id": 112,
   >   "method": "eth_getBalance",
   >   "params": [
   >     "0xda89e2c8b86f0fb6654da8576167ed9470f9822e",
   >     "latest"
   >   ],
   >   "internal": true
   > }
[2022/03/10 19:56:32.961] - eth_getTransactionCount
[2022/03/10 19:56:32.962] -    > {
   >   "jsonrpc": "2.0",
   >   "id": 113,
   >   "method": "eth_getTransactionCount",
   >   "params": [
   >     "0xda89e2c8b86f0fb6654da8576167ed9470f9822e",
   >     "latest"
   >   ],
   >   "internal": true
   > }
[2022/03/10 19:56:32.966] -  <   {
 <     "id": 112,
 <     "jsonrpc": "2.0",
 <     "result": "0x56bc75e2d63100000"
 <   }
[2022/03/10 19:56:32.972] -  <   {
 <     "id": 113,
 <     "jsonrpc": "2.0",
 <     "result": "0x0"
 <   }
[2022/03/10 19:56:32.986] - eth_getBalance
[2022/03/10 19:56:32.987] -    > {
   >   "jsonrpc": "2.0",
   >   "id": 114,
   >   "method": "eth_getBalance",
   >   "params": [
   >     "0xe55fe5198fc36a19302f2bdf20664b5592f4e458",
   >     "latest"
   >   ],
   >   "internal": true
   > }
[2022/03/10 19:56:32.990] -  <   {
 <     "id": 114,
 <     "jsonrpc": "2.0",
 <     "result": "0x56bc75e2d63100000"
 <   }
[2022/03/10 19:56:32.992] - eth_getTransactionCount
[2022/03/10 19:56:32.993] -    > {
   >   "jsonrpc": "2.0",
   >   "id": 115,
   >   "method": "eth_getTransactionCount",
   >   "params": [
   >     "0xe55fe5198fc36a19302f2bdf20664b5592f4e458",
   >     "latest"
   >   ],
   >   "internal": true
   > }
[2022/03/10 19:56:32.998] -  <   {
 <     "id": 115,
 <     "jsonrpc": "2.0",
 <     "result": "0x0"
 <   }
[2022/03/10 19:56:33.000] - eth_getBalance
[2022/03/10 19:56:33.001] -    > {
   >   "jsonrpc": "2.0",
   >   "id": 116,
   >   "method": "eth_getBalance",
   >   "params": [
   >     "0x076c32748b1837a1f3d78886d0609909b77e29d1",
   >     "latest"
   >   ],
   >   "internal": true
   > }
[2022/03/10 19:56:33.003] - eth_getTransactionCount
[2022/03/10 19:56:33.004] -    > {
   >   "jsonrpc": "2.0",
   >   "id": 117,
   >   "method": "eth_getTransactionCount",
   >   "params": [
   >     "0x076c32748b1837a1f3d78886d0609909b77e29d1",
   >     "latest"
   >   ],
   >   "internal": true
   > }
[2022/03/10 19:56:33.007] -  <   {
 <     "id": 116,
 <     "jsonrpc": "2.0",
 <     "result": "0x56bc75e2d63100000"
 <   }
[2022/03/10 19:56:33.015] - eth_getBalance
[2022/03/10 19:56:33.017] -    > {
   >   "jsonrpc": "2.0",
   >   "id": 118,
   >   "method": "eth_getBalance",
   >   "params": [
   >     "0x10d5b2457c3295e9e213b4754e115a67ddec68ab",
   >     "latest"
   >   ],
   >   "internal": true
   > }
[2022/03/10 19:56:33.019] -  <   {
 <     "id": 117,
 <     "jsonrpc": "2.0",
 <     "result": "0x0"
 <   }
[2022/03/10 19:56:33.020] - eth_getTransactionCount
[2022/03/10 19:56:33.022] -    > {
   >   "jsonrpc": "2.0",
   >   "id": 119,
   >   "method": "eth_getTransactionCount",
   >   "params": [
   >     "0x10d5b2457c3295e9e213b4754e115a67ddec68ab",
   >     "latest"
   >   ],
   >   "internal": true
   > }
[2022/03/10 19:56:33.023] - eth_getBalance
[2022/03/10 19:56:33.024] -    > {
   >   "jsonrpc": "2.0",
   >   "id": 120,
   >   "method": "eth_getBalance",
   >   "params": [
   >     "0x322d77b905a4621da6e7cfbb3d27045fcb1fead4",
   >     "latest"
   >   ],
   >   "internal": true
   > }
[2022/03/10 19:56:33.026] -  <   {
 <     "id": 118,
 <     "jsonrpc": "2.0",
 <     "result": "0x56bc75e2d63100000"
 <   }
[2022/03/10 19:56:33.028] - eth_getTransactionCount
[2022/03/10 19:56:33.030] -    > {
   >   "jsonrpc": "2.0",
   >   "id": 121,
   >   "method": "eth_getTransactionCount",
   >   "params": [
   >     "0x322d77b905a4621da6e7cfbb3d27045fcb1fead4",
   >     "latest"
   >   ],
   >   "internal": true
   > }
[2022/03/10 19:56:33.031] - eth_getBalance
[2022/03/10 19:56:33.033] -    > {
   >   "jsonrpc": "2.0",
   >   "id": 122,
   >   "method": "eth_getBalance",
   >   "params": [
   >     "0x7c96e9f126fc34ce15e84037388e36cfeb05fdb5",
   >     "latest"
   >   ],
   >   "internal": true
   > }
[2022/03/10 19:56:33.036] -  <   {
 <     "id": 119,
 <     "jsonrpc": "2.0",
 <     "result": "0x0"
 <   }
[2022/03/10 19:56:33.037] - eth_getTransactionCount
[2022/03/10 19:56:33.038] -    > {
   >   "jsonrpc": "2.0",
   >   "id": 123,
   >   "method": "eth_getTransactionCount",
   >   "params": [
   >     "0x7c96e9f126fc34ce15e84037388e36cfeb05fdb5",
   >     "latest"
   >   ],
   >   "internal": true
   > }
[2022/03/10 19:56:33.041] -  <   {
 <     "id": 120,
 <     "jsonrpc": "2.0",
 <     "result": "0x56bc75e2d63100000"
 <   }
[2022/03/10 19:56:33.045] -  <   {
 <     "id": 121,
 <     "jsonrpc": "2.0",
 <     "result": "0x0"
 <   }
[2022/03/10 19:56:33.050] -  <   {
 <     "id": 122,
 <     "jsonrpc": "2.0",
 <     "result": "0x56bc75e2d63100000"
 <   }
[2022/03/10 19:56:33.053] -  <   {
 <     "id": 123,
 <     "jsonrpc": "2.0",
 <     "result": "0x0"
 <   }
[2022/03/10 19:56:33.120] - eth_getBalance
[2022/03/10 19:56:33.121] -    > {
   >   "jsonrpc": "2.0",
   >   "id": 125,
   >   "method": "eth_getBalance",
   >   "params": [
   >     "0xb6b2b4af57ab855a0b28c474a45b46df019f05bf",
   >     "latest"
   >   ],
   >   "internal": true
   > }
[2022/03/10 19:56:33.123] - eth_getTransactionCount
[2022/03/10 19:56:33.125] -    > {
   >   "jsonrpc": "2.0",
   >   "id": 126,
   >   "method": "eth_getTransactionCount",
   >   "params": [
   >     "0xb6b2b4af57ab855a0b28c474a45b46df019f05bf",
   >     "latest"
   >   ],
   >   "internal": true
   > }
[2022/03/10 19:56:33.130] -  <   {
 <     "id": 125,
 <     "jsonrpc": "2.0",
 <     "result": "0x56bc75e2d63100000"
 <   }
[2022/03/10 19:56:33.133] - eth_getBalance
[2022/03/10 19:56:33.134] -    > {
   >   "jsonrpc": "2.0",
   >   "id": 127,
   >   "method": "eth_getBalance",
   >   "params": [
   >     "0xdff908c4b6e1baed0af22b63a116b0ba640ab4a1",
   >     "latest"
   >   ],
   >   "internal": true
   > }
[2022/03/10 19:56:33.136] -  <   {
 <     "id": 126,
 <     "jsonrpc": "2.0",
 <     "result": "0x0"
 <   }
[2022/03/10 19:56:33.138] - eth_getTransactionCount
[2022/03/10 19:56:33.139] -    > {
   >   "jsonrpc": "2.0",
   >   "id": 128,
   >   "method": "eth_getTransactionCount",
   >   "params": [
   >     "0xdff908c4b6e1baed0af22b63a116b0ba640ab4a1",
   >     "latest"
   >   ],
   >   "internal": true
   > }
[2022/03/10 19:56:33.142] -  <   {
 <     "id": 127,
 <     "jsonrpc": "2.0",
 <     "result": "0x56bc75e2d63100000"
 <   }
[2022/03/10 19:56:33.143] - eth_getBalance
[2022/03/10 19:56:33.144] -    > {
   >   "jsonrpc": "2.0",
   >   "id": 129,
   >   "method": "eth_getBalance",
   >   "params": [
   >     "0x7a9ecbf6b8eda0fb08d0d6b2233179fc95a95f3d",
   >     "latest"
   >   ],
   >   "internal": true
   > }
[2022/03/10 19:56:33.148] -  <   {
 <     "id": 128,
 <     "jsonrpc": "2.0",
 <     "result": "0x0"
 <   }
[2022/03/10 19:56:33.151] - eth_getTransactionCount
[2022/03/10 19:56:33.152] -    > {
   >   "jsonrpc": "2.0",
   >   "id": 130,
   >   "method": "eth_getTransactionCount",
   >   "params": [
   >     "0x7a9ecbf6b8eda0fb08d0d6b2233179fc95a95f3d",
   >     "latest"
   >   ],
   >   "internal": true
   > }
[2022/03/10 19:56:33.155] -  <   {
 <     "id": 129,
 <     "jsonrpc": "2.0",
 <     "result": "0x56bc75e2d63100000"
 <   }
[2022/03/10 19:56:33.157] - eth_getBalance
[2022/03/10 19:56:33.158] -    > {
   >   "jsonrpc": "2.0",
   >   "id": 131,
   >   "method": "eth_getBalance",
   >   "params": [
   >     "0xe81f26e024c69488ef11e7364526c38c85b35cab",
   >     "latest"
   >   ],
   >   "internal": true
   > }
[2022/03/10 19:56:33.162] -  <   {
 <     "id": 130,
 <     "jsonrpc": "2.0",
 <     "result": "0x0"
 <   }
[2022/03/10 19:56:33.164] - eth_getTransactionCount
[2022/03/10 19:56:33.165] -    > {
   >   "jsonrpc": "2.0",
   >   "id": 132,
   >   "method": "eth_getTransactionCount",
   >   "params": [
   >     "0xe81f26e024c69488ef11e7364526c38c85b35cab",
   >     "latest"
   >   ],
   >   "internal": true
   > }
[2022/03/10 19:56:33.168] -  <   {
 <     "id": 131,
 <     "jsonrpc": "2.0",
 <     "result": "0x56bc75e2d63100000"
 <   }
[2022/03/10 19:56:33.169] - eth_getBalance
[2022/03/10 19:56:33.170] -    > {
   >   "jsonrpc": "2.0",
   >   "id": 133,
   >   "method": "eth_getBalance",
   >   "params": [
   >     "0xda89e2c8b86f0fb6654da8576167ed9470f9822e",
   >     "latest"
   >   ],
   >   "internal": true
   > }
[2022/03/10 19:56:33.171] - eth_getTransactionCount
[2022/03/10 19:56:33.172] -    > {
   >   "jsonrpc": "2.0",
   >   "id": 134,
   >   "method": "eth_getTransactionCount",
   >   "params": [
   >     "0xda89e2c8b86f0fb6654da8576167ed9470f9822e",
   >     "latest"
   >   ],
   >   "internal": true
   > }
[2022/03/10 19:56:33.175] -  <   {
 <     "id": 132,
 <     "jsonrpc": "2.0",
 <     "result": "0x0"
 <   }
[2022/03/10 19:56:33.176] - eth_getBalance
[2022/03/10 19:56:33.179] -    > {
   >   "jsonrpc": "2.0",
   >   "id": 135,
   >   "method": "eth_getBalance",
   >   "params": [
   >     "0xe55fe5198fc36a19302f2bdf20664b5592f4e458",
   >     "latest"
   >   ],
   >   "internal": true
   > }
[2022/03/10 19:56:33.182] -  <   {
 <     "id": 133,
 <     "jsonrpc": "2.0",
 <     "result": "0x56bc75e2d63100000"
 <   }
[2022/03/10 19:56:33.183] - eth_getTransactionCount
[2022/03/10 19:56:33.184] -    > {
   >   "jsonrpc": "2.0",
   >   "id": 136,
   >   "method": "eth_getTransactionCount",
   >   "params": [
   >     "0xe55fe5198fc36a19302f2bdf20664b5592f4e458",
   >     "latest"
   >   ],
   >   "internal": true
   > }
[2022/03/10 19:56:33.186] - eth_getBalance
[2022/03/10 19:56:33.187] -    > {
   >   "jsonrpc": "2.0",
   >   "id": 137,
   >   "method": "eth_getBalance",
   >   "params": [
   >     "0x076c32748b1837a1f3d78886d0609909b77e29d1",
   >     "latest"
   >   ],
   >   "internal": true
   > }
[2022/03/10 19:56:33.189] -  <   {
 <     "id": 134,
 <     "jsonrpc": "2.0",
 <     "result": "0x0"
 <   }
[2022/03/10 19:56:33.190] - eth_getTransactionCount
[2022/03/10 19:56:33.191] -    > {
   >   "jsonrpc": "2.0",
   >   "id": 138,
   >   "method": "eth_getTransactionCount",
   >   "params": [
   >     "0x076c32748b1837a1f3d78886d0609909b77e29d1",
   >     "latest"
   >   ],
   >   "internal": true
   > }
[2022/03/10 19:56:33.195] -  <   {
 <     "id": 135,
 <     "jsonrpc": "2.0",
 <     "result": "0x56bc75e2d63100000"
 <   }
[2022/03/10 19:56:33.197] - eth_getBalance
[2022/03/10 19:56:33.199] -    > {
   >   "jsonrpc": "2.0",
   >   "id": 139,
   >   "method": "eth_getBalance",
   >   "params": [
   >     "0x10d5b2457c3295e9e213b4754e115a67ddec68ab",
   >     "latest"
   >   ],
   >   "internal": true
   > }
[2022/03/10 19:56:33.201] - eth_getTransactionCount
[2022/03/10 19:56:33.202] -    > {
   >   "jsonrpc": "2.0",
   >   "id": 140,
   >   "method": "eth_getTransactionCount",
   >   "params": [
   >     "0x10d5b2457c3295e9e213b4754e115a67ddec68ab",
   >     "latest"
   >   ],
   >   "internal": true
   > }
[2022/03/10 19:56:33.205] -  <   {
 <     "id": 136,
 <     "jsonrpc": "2.0",
 <     "result": "0x0"
 <   }
[2022/03/10 19:56:33.206] - eth_getBalance
[2022/03/10 19:56:33.207] -    > {
   >   "jsonrpc": "2.0",
   >   "id": 141,
   >   "method": "eth_getBalance",
   >   "params": [
   >     "0x322d77b905a4621da6e7cfbb3d27045fcb1fead4",
   >     "latest"
   >   ],
   >   "internal": true
   > }
[2022/03/10 19:56:33.209] -  <   {
 <     "id": 137,
 <     "jsonrpc": "2.0",
 <     "result": "0x56bc75e2d63100000"
 <   }
[2022/03/10 19:56:33.211] - eth_getTransactionCount
[2022/03/10 19:56:33.213] -    > {
   >   "jsonrpc": "2.0",
   >   "id": 142,
   >   "method": "eth_getTransactionCount",
   >   "params": [
   >     "0x322d77b905a4621da6e7cfbb3d27045fcb1fead4",
   >     "latest"
   >   ],
   >   "internal": true
   > }
[2022/03/10 19:56:33.215] - eth_getBalance
[2022/03/10 19:56:33.216] -    > {
   >   "jsonrpc": "2.0",
   >   "id": 143,
   >   "method": "eth_getBalance",
   >   "params": [
   >     "0x7c96e9f126fc34ce15e84037388e36cfeb05fdb5",
   >     "latest"
   >   ],
   >   "internal": true
   > }
[2022/03/10 19:56:33.220] -  <   {
 <     "id": 138,
 <     "jsonrpc": "2.0",
 <     "result": "0x0"
 <   }
[2022/03/10 19:56:33.230] -  <   {
 <     "id": 139,
 <     "jsonrpc": "2.0",
 <     "result": "0x56bc75e2d63100000"
 <   }
[2022/03/10 19:56:33.233] - eth_getTransactionCount
[2022/03/10 19:56:33.234] -    > {
   >   "jsonrpc": "2.0",
   >   "id": 144,
   >   "method": "eth_getTransactionCount",
   >   "params": [
   >     "0x7c96e9f126fc34ce15e84037388e36cfeb05fdb5",
   >     "latest"
   >   ],
   >   "internal": true
   > }
[2022/03/10 19:56:33.235] - eth_getBalance
[2022/03/10 19:56:33.236] -    > {
   >   "jsonrpc": "2.0",
   >   "id": 145,
   >   "method": "eth_getBalance",
   >   "params": [
   >     "0xb6b2b4af57ab855a0b28c474a45b46df019f05bf",
   >     "latest"
   >   ],
   >   "internal": true
   > }
[2022/03/10 19:56:33.238] -  <   {
 <     "id": 140,
 <     "jsonrpc": "2.0",
 <     "result": "0x0"
 <   }
[2022/03/10 19:56:33.241] -  <   {
 <     "id": 141,
 <     "jsonrpc": "2.0",
 <     "result": "0x56bc75e2d63100000"
 <   }
[2022/03/10 19:56:33.246] -  <   {
 <     "id": 142,
 <     "jsonrpc": "2.0",
 <     "result": "0x0"
 <   }
[2022/03/10 19:56:33.248] - eth_getTransactionCount
[2022/03/10 19:56:33.250] -    > {
   >   "jsonrpc": "2.0",
   >   "id": 146,
   >   "method": "eth_getTransactionCount",
   >   "params": [
   >     "0xb6b2b4af57ab855a0b28c474a45b46df019f05bf",
   >     "latest"
   >   ],
   >   "internal": true
   > }
[2022/03/10 19:56:33.253] -  <   {
 <     "id": 143,
 <     "jsonrpc": "2.0",
 <     "result": "0x56bc75e2d63100000"
 <   }
[2022/03/10 19:56:33.259] -  <   {
 <     "id": 144,
 <     "jsonrpc": "2.0",
 <     "result": "0x0"
 <   }
[2022/03/10 19:56:33.269] -  <   {
 <     "id": 145,
 <     "jsonrpc": "2.0",
 <     "result": "0x56bc75e2d63100000"
 <   }
[2022/03/10 19:56:33.274] -  <   {
 <     "id": 146,
 <     "jsonrpc": "2.0",
 <     "result": "0x0"
 <   }
[2022/03/10 19:56:33.282] - eth_getBalance
[2022/03/10 19:56:33.286] -    > {
   >   "jsonrpc": "2.0",
   >   "id": 147,
   >   "method": "eth_getBalance",
   >   "params": [
   >     "0xdff908c4b6e1baed0af22b63a116b0ba640ab4a1",
   >     "latest"
   >   ],
   >   "internal": true
   > }
[2022/03/10 19:56:33.291] -  <   {
 <     "id": 147,
 <     "jsonrpc": "2.0",
 <     "result": "0x56bc75e2d63100000"
 <   }
[2022/03/10 19:56:33.297] - eth_getTransactionCount
[2022/03/10 19:56:33.300] -    > {
   >   "jsonrpc": "2.0",
   >   "id": 148,
   >   "method": "eth_getTransactionCount",
   >   "params": [
   >     "0xdff908c4b6e1baed0af22b63a116b0ba640ab4a1",
   >     "latest"
   >   ],
   >   "internal": true
   > }
[2022/03/10 19:56:33.302] - eth_getBalance
[2022/03/10 19:56:33.303] -    > {
   >   "jsonrpc": "2.0",
   >   "id": 149,
   >   "method": "eth_getBalance",
   >   "params": [
   >     "0x7a9ecbf6b8eda0fb08d0d6b2233179fc95a95f3d",
   >     "latest"
   >   ],
   >   "internal": true
   > }
[2022/03/10 19:56:33.306] -  <   {
 <     "id": 148,
 <     "jsonrpc": "2.0",
 <     "result": "0x0"
 <   }
[2022/03/10 19:56:33.308] - eth_getTransactionCount
[2022/03/10 19:56:33.309] -    > {
   >   "jsonrpc": "2.0",
   >   "id": 150,
   >   "method": "eth_getTransactionCount",
   >   "params": [
   >     "0x7a9ecbf6b8eda0fb08d0d6b2233179fc95a95f3d",
   >     "latest"
   >   ],
   >   "internal": true
   > }
[2022/03/10 19:56:33.312] -  <   {
 <     "id": 149,
 <     "jsonrpc": "2.0",
 <     "result": "0x56bc75e2d63100000"
 <   }
[2022/03/10 19:56:33.317] -  <   {
 <     "id": 150,
 <     "jsonrpc": "2.0",
 <     "result": "0x0"
 <   }
[2022/03/10 19:56:33.319] - eth_getBalance
[2022/03/10 19:56:33.320] -    > {
   >   "jsonrpc": "2.0",
   >   "id": 151,
   >   "method": "eth_getBalance",
   >   "params": [
   >     "0xe81f26e024c69488ef11e7364526c38c85b35cab",
   >     "latest"
   >   ],
   >   "internal": true
   > }
[2022/03/10 19:56:33.321] - eth_getTransactionCount
[2022/03/10 19:56:33.322] -    > {
   >   "jsonrpc": "2.0",
   >   "id": 152,
   >   "method": "eth_getTransactionCount",
   >   "params": [
   >     "0xe81f26e024c69488ef11e7364526c38c85b35cab",
   >     "latest"
   >   ],
   >   "internal": true
   > }
[2022/03/10 19:56:33.325] -  <   {
 <     "id": 151,
 <     "jsonrpc": "2.0",
 <     "result": "0x56bc75e2d63100000"
 <   }
[2022/03/10 19:56:33.326] - eth_getBalance
[2022/03/10 19:56:33.328] -    > {
   >   "jsonrpc": "2.0",
   >   "id": 153,
   >   "method": "eth_getBalance",
   >   "params": [
   >     "0xda89e2c8b86f0fb6654da8576167ed9470f9822e",
   >     "latest"
   >   ],
   >   "internal": true
   > }
[2022/03/10 19:56:33.332] -  <   {
 <     "id": 152,
 <     "jsonrpc": "2.0",
 <     "result": "0x0"
 <   }
[2022/03/10 19:56:33.333] - eth_getTransactionCount
[2022/03/10 19:56:33.336] -    > {
   >   "jsonrpc": "2.0",
   >   "id": 154,
   >   "method": "eth_getTransactionCount",
   >   "params": [
   >     "0xda89e2c8b86f0fb6654da8576167ed9470f9822e",
   >     "latest"
   >   ],
   >   "internal": true
   > }
[2022/03/10 19:56:33.339] -  <   {
 <     "id": 153,
 <     "jsonrpc": "2.0",
 <     "result": "0x56bc75e2d63100000"
 <   }
[2022/03/10 19:56:33.340] - eth_getBalance
[2022/03/10 19:56:33.342] -    > {
   >   "jsonrpc": "2.0",
   >   "id": 155,
   >   "method": "eth_getBalance",
   >   "params": [
   >     "0xe55fe5198fc36a19302f2bdf20664b5592f4e458",
   >     "latest"
   >   ],
   >   "internal": true
   > }
[2022/03/10 19:56:33.343] - eth_getTransactionCount
[2022/03/10 19:56:33.344] -    > {
   >   "jsonrpc": "2.0",
   >   "id": 156,
   >   "method": "eth_getTransactionCount",
   >   "params": [
   >     "0xe55fe5198fc36a19302f2bdf20664b5592f4e458",
   >     "latest"
   >   ],
   >   "internal": true
   > }
[2022/03/10 19:56:33.348] -  <   {
 <     "id": 154,
 <     "jsonrpc": "2.0",
 <     "result": "0x0"
 <   }
[2022/03/10 19:56:33.351] - eth_getBalance
[2022/03/10 19:56:33.352] -    > {
   >   "jsonrpc": "2.0",
   >   "id": 157,
   >   "method": "eth_getBalance",
   >   "params": [
   >     "0x076c32748b1837a1f3d78886d0609909b77e29d1",
   >     "latest"
   >   ],
   >   "internal": true
   > }
[2022/03/10 19:56:33.354] - eth_getTransactionCount
[2022/03/10 19:56:33.356] -    > {
   >   "jsonrpc": "2.0",
   >   "id": 158,
   >   "method": "eth_getTransactionCount",
   >   "params": [
   >     "0x076c32748b1837a1f3d78886d0609909b77e29d1",
   >     "latest"
   >   ],
   >   "internal": true
   > }
[2022/03/10 19:56:33.358] -  <   {
 <     "id": 155,
 <     "jsonrpc": "2.0",
 <     "result": "0x56bc75e2d63100000"
 <   }
[2022/03/10 19:56:33.359] - eth_getBalance
[2022/03/10 19:56:33.360] -    > {
   >   "jsonrpc": "2.0",
   >   "id": 159,
   >   "method": "eth_getBalance",
   >   "params": [
   >     "0x10d5b2457c3295e9e213b4754e115a67ddec68ab",
   >     "latest"
   >   ],
   >   "internal": true
   > }
[2022/03/10 19:56:33.365] -  <   {
 <     "id": 156,
 <     "jsonrpc": "2.0",
 <     "result": "0x0"
 <   }
[2022/03/10 19:56:33.367] - eth_getTransactionCount
[2022/03/10 19:56:33.369] -    > {
   >   "jsonrpc": "2.0",
   >   "id": 160,
   >   "method": "eth_getTransactionCount",
   >   "params": [
   >     "0x10d5b2457c3295e9e213b4754e115a67ddec68ab",
   >     "latest"
   >   ],
   >   "internal": true
   > }
[2022/03/10 19:56:33.401] - eth_getBalance
[2022/03/10 19:56:33.402] -    > {
   >   "jsonrpc": "2.0",
   >   "id": 161,
   >   "method": "eth_getBalance",
   >   "params": [
   >     "0x322d77b905a4621da6e7cfbb3d27045fcb1fead4",
   >     "latest"
   >   ],
   >   "internal": true
   > }
[2022/03/10 19:56:33.404] - eth_getTransactionCount
[2022/03/10 19:56:33.405] -    > {
   >   "jsonrpc": "2.0",
   >   "id": 162,
   >   "method": "eth_getTransactionCount",
   >   "params": [
   >     "0x322d77b905a4621da6e7cfbb3d27045fcb1fead4",
   >     "latest"
   >   ],
   >   "internal": true
   > }
[2022/03/10 19:56:33.407] -  <   {
 <     "id": 157,
 <     "jsonrpc": "2.0",
 <     "result": "0x56bc75e2d63100000"
 <   }
[2022/03/10 19:56:33.408] - eth_getBalance
[2022/03/10 19:56:33.410] -    > {
   >   "jsonrpc": "2.0",
   >   "id": 163,
   >   "method": "eth_getBalance",
   >   "params": [
   >     "0x7c96e9f126fc34ce15e84037388e36cfeb05fdb5",
   >     "latest"
   >   ],
   >   "internal": true
   > }
[2022/03/10 19:56:33.412] - eth_getTransactionCount
[2022/03/10 19:56:33.414] -    > {
   >   "jsonrpc": "2.0",
   >   "id": 164,
   >   "method": "eth_getTransactionCount",
   >   "params": [
   >     "0x7c96e9f126fc34ce15e84037388e36cfeb05fdb5",
   >     "latest"
   >   ],
   >   "internal": true
   > }
[2022/03/10 19:56:33.419] -  <   {
 <     "id": 158,
 <     "jsonrpc": "2.0",
 <     "result": "0x0"
 <   }
[2022/03/10 19:56:33.423] -  <   {
 <     "id": 159,
 <     "jsonrpc": "2.0",
 <     "result": "0x56bc75e2d63100000"
 <   }
[2022/03/10 19:56:33.429] -  <   {
 <     "id": 160,
 <     "jsonrpc": "2.0",
 <     "result": "0x0"
 <   }
[2022/03/10 19:56:33.433] -  <   {
 <     "id": 161,
 <     "jsonrpc": "2.0",
 <     "result": "0x56bc75e2d63100000"
 <   }
[2022/03/10 19:56:33.437] -  <   {
 <     "id": 162,
 <     "jsonrpc": "2.0",
 <     "result": "0x0"
 <   }
[2022/03/10 19:56:33.440] -  <   {
 <     "id": 163,
 <     "jsonrpc": "2.0",
 <     "result": "0x56bc75e2d63100000"
 <   }
[2022/03/10 19:56:33.445] -  <   {
 <     "id": 164,
 <     "jsonrpc": "2.0",
 <     "result": "0x0"
 <   }
[2022/03/10 19:56:33.464] - eth_getBalance
[2022/03/10 19:56:33.466] -    > {
   >   "jsonrpc": "2.0",
   >   "id": 167,
   >   "method": "eth_getBalance",
   >   "params": [
   >     "0xdff908c4b6e1baed0af22b63a116b0ba640ab4a1",
   >     "latest"
   >   ],
   >   "internal": true
   > }
[2022/03/10 19:56:33.470] -  <   {
 <     "id": 167,
 <     "jsonrpc": "2.0",
 <     "result": "0x56bc75e2d63100000"
 <   }
[2022/03/10 19:56:33.471] - eth_getTransactionCount
[2022/03/10 19:56:33.473] -    > {
   >   "jsonrpc": "2.0",
   >   "id": 168,
   >   "method": "eth_getTransactionCount",
   >   "params": [
   >     "0xdff908c4b6e1baed0af22b63a116b0ba640ab4a1",
   >     "latest"
   >   ],
   >   "internal": true
   > }
[2022/03/10 19:56:33.474] - eth_getBalance
[2022/03/10 19:56:33.475] -    > {
   >   "jsonrpc": "2.0",
   >   "id": 169,
   >   "method": "eth_getBalance",
   >   "params": [
   >     "0x7a9ecbf6b8eda0fb08d0d6b2233179fc95a95f3d",
   >     "latest"
   >   ],
   >   "internal": true
   > }
[2022/03/10 19:56:33.478] -  <   {
 <     "id": 168,
 <     "jsonrpc": "2.0",
 <     "result": "0x0"
 <   }
[2022/03/10 19:56:33.480] - eth_getTransactionCount
[2022/03/10 19:56:33.482] -    > {
   >   "jsonrpc": "2.0",
   >   "id": 170,
   >   "method": "eth_getTransactionCount",
   >   "params": [
   >     "0x7a9ecbf6b8eda0fb08d0d6b2233179fc95a95f3d",
   >     "latest"
   >   ],
   >   "internal": true
   > }
[2022/03/10 19:56:33.485] -  <   {
 <     "id": 169,
 <     "jsonrpc": "2.0",
 <     "result": "0x56bc75e2d63100000"
 <   }
[2022/03/10 19:56:33.488] -  <   {
 <     "id": 170,
 <     "jsonrpc": "2.0",
 <     "result": "0x0"
 <   }
[2022/03/10 19:56:33.490] - eth_getBalance
[2022/03/10 19:56:33.491] -    > {
   >   "jsonrpc": "2.0",
   >   "id": 171,
   >   "method": "eth_getBalance",
   >   "params": [
   >     "0xe81f26e024c69488ef11e7364526c38c85b35cab",
   >     "latest"
   >   ],
   >   "internal": true
   > }
[2022/03/10 19:56:33.497] -  <   {
 <     "id": 171,
 <     "jsonrpc": "2.0",
 <     "result": "0x56bc75e2d63100000"
 <   }
[2022/03/10 19:56:33.499] - eth_getTransactionCount
[2022/03/10 19:56:33.500] -    > {
   >   "jsonrpc": "2.0",
   >   "id": 172,
   >   "method": "eth_getTransactionCount",
   >   "params": [
   >     "0xe81f26e024c69488ef11e7364526c38c85b35cab",
   >     "latest"
   >   ],
   >   "internal": true
   > }
[2022/03/10 19:56:33.504] -  <   {
 <     "id": 172,
 <     "jsonrpc": "2.0",
 <     "result": "0x0"
 <   }
[2022/03/10 19:56:33.505] - eth_getBalance
[2022/03/10 19:56:33.507] -    > {
   >   "jsonrpc": "2.0",
   >   "id": 173,
   >   "method": "eth_getBalance",
   >   "params": [
   >     "0xda89e2c8b86f0fb6654da8576167ed9470f9822e",
   >     "latest"
   >   ],
   >   "internal": true
   > }
[2022/03/10 19:56:33.508] - eth_getTransactionCount
[2022/03/10 19:56:33.509] -    > {
   >   "jsonrpc": "2.0",
   >   "id": 174,
   >   "method": "eth_getTransactionCount",
   >   "params": [
   >     "0xda89e2c8b86f0fb6654da8576167ed9470f9822e",
   >     "latest"
   >   ],
   >   "internal": true
   > }
[2022/03/10 19:56:33.512] -  <   {
 <     "id": 173,
 <     "jsonrpc": "2.0",
 <     "result": "0x56bc75e2d63100000"
 <   }
[2022/03/10 19:56:33.516] -  <   {
 <     "id": 174,
 <     "jsonrpc": "2.0",
 <     "result": "0x0"
 <   }
[2022/03/10 19:56:33.519] - eth_getBalance
[2022/03/10 19:56:33.521] -    > {
   >   "jsonrpc": "2.0",
   >   "id": 175,
   >   "method": "eth_getBalance",
   >   "params": [
   >     "0xe55fe5198fc36a19302f2bdf20664b5592f4e458",
   >     "latest"
   >   ],
   >   "internal": true
   > }
[2022/03/10 19:56:33.522] - eth_getTransactionCount
[2022/03/10 19:56:33.523] -    > {
   >   "jsonrpc": "2.0",
   >   "id": 176,
   >   "method": "eth_getTransactionCount",
   >   "params": [
   >     "0xe55fe5198fc36a19302f2bdf20664b5592f4e458",
   >     "latest"
   >   ],
   >   "internal": true
   > }
[2022/03/10 19:56:33.525] -  <   {
 <     "id": 175,
 <     "jsonrpc": "2.0",
 <     "result": "0x56bc75e2d63100000"
 <   }
[2022/03/10 19:56:33.527] - eth_getBalance
[2022/03/10 19:56:33.529] -    > {
   >   "jsonrpc": "2.0",
   >   "id": 177,
   >   "method": "eth_getBalance",
   >   "params": [
   >     "0x076c32748b1837a1f3d78886d0609909b77e29d1",
   >     "latest"
   >   ],
   >   "internal": true
   > }
[2022/03/10 19:56:33.531] -  <   {
 <     "id": 176,
 <     "jsonrpc": "2.0",
 <     "result": "0x0"
 <   }
[2022/03/10 19:56:33.534] -  <   {
 <     "id": 177,
 <     "jsonrpc": "2.0",
 <     "result": "0x56bc75e2d63100000"
 <   }
[2022/03/10 19:56:33.535] - eth_getTransactionCount
[2022/03/10 19:56:33.537] -    > {
   >   "jsonrpc": "2.0",
   >   "id": 178,
   >   "method": "eth_getTransactionCount",
   >   "params": [
   >     "0x076c32748b1837a1f3d78886d0609909b77e29d1",
   >     "latest"
   >   ],
   >   "internal": true
   > }
[2022/03/10 19:56:33.538] - eth_getBalance
[2022/03/10 19:56:33.539] -    > {
   >   "jsonrpc": "2.0",
   >   "id": 179,
   >   "method": "eth_getBalance",
   >   "params": [
   >     "0x10d5b2457c3295e9e213b4754e115a67ddec68ab",
   >     "latest"
   >   ],
   >   "internal": true
   > }
[2022/03/10 19:56:33.541] -  <   {
 <     "id": 178,
 <     "jsonrpc": "2.0",
 <     "result": "0x0"
 <   }
[2022/03/10 19:56:33.543] - eth_getTransactionCount
[2022/03/10 19:56:33.545] -    > {
   >   "jsonrpc": "2.0",
   >   "id": 180,
   >   "method": "eth_getTransactionCount",
   >   "params": [
   >     "0x10d5b2457c3295e9e213b4754e115a67ddec68ab",
   >     "latest"
   >   ],
   >   "internal": true
   > }
[2022/03/10 19:56:33.548] -  <   {
 <     "id": 179,
 <     "jsonrpc": "2.0",
 <     "result": "0x56bc75e2d63100000"
 <   }
[2022/03/10 19:56:33.550] -  <   {
 <     "id": 180,
 <     "jsonrpc": "2.0",
 <     "result": "0x0"
 <   }
[2022/03/10 19:56:33.552] - eth_getBalance
[2022/03/10 19:56:33.553] -    > {
   >   "jsonrpc": "2.0",
   >   "id": 181,
   >   "method": "eth_getBalance",
   >   "params": [
   >     "0x322d77b905a4621da6e7cfbb3d27045fcb1fead4",
   >     "latest"
   >   ],
   >   "internal": true
   > }
[2022/03/10 19:56:33.554] - eth_getTransactionCount
[2022/03/10 19:56:33.555] -    > {
   >   "jsonrpc": "2.0",
   >   "id": 182,
   >   "method": "eth_getTransactionCount",
   >   "params": [
   >     "0x322d77b905a4621da6e7cfbb3d27045fcb1fead4",
   >     "latest"
   >   ],
   >   "internal": true
   > }
[2022/03/10 19:56:33.557] -  <   {
 <     "id": 181,
 <     "jsonrpc": "2.0",
 <     "result": "0x56bc75e2d63100000"
 <   }
[2022/03/10 19:56:33.558] - eth_getBalance
[2022/03/10 19:56:33.559] -    > {
   >   "jsonrpc": "2.0",
   >   "id": 183,
   >   "method": "eth_getBalance",
   >   "params": [
   >     "0x7c96e9f126fc34ce15e84037388e36cfeb05fdb5",
   >     "latest"
   >   ],
   >   "internal": true
   > }
[2022/03/10 19:56:33.561] - eth_getTransactionCount
[2022/03/10 19:56:33.562] -    > {
   >   "jsonrpc": "2.0",
   >   "id": 184,
   >   "method": "eth_getTransactionCount",
   >   "params": [
   >     "0x7c96e9f126fc34ce15e84037388e36cfeb05fdb5",
   >     "latest"
   >   ],
   >   "internal": true
   > }
[2022/03/10 19:56:33.565] -  <   {
 <     "id": 182,
 <     "jsonrpc": "2.0",
 <     "result": "0x0"
 <   }
[2022/03/10 19:56:33.568] -  <   {
 <     "id": 183,
 <     "jsonrpc": "2.0",
 <     "result": "0x56bc75e2d63100000"
 <   }
[2022/03/10 19:56:33.580] -  <   {
 <     "id": 184,
 <     "jsonrpc": "2.0",
 <     "result": "0x0"
 <   }
[2022/03/10 20:03:49.524] - eth_unsubscribe
[2022/03/10 20:03:49.526] -    > {
   >   "jsonrpc": "2.0",
   >   "id": 15,
   >   "method": "eth_unsubscribe",
   >   "params": [
   >     "0x3"
   >   ]
   > }
[2022/03/10 20:03:49.527] - eth_unsubscribe
[2022/03/10 20:03:49.529] -    > {
   >   "jsonrpc": "2.0",
   >   "id": 16,
   >   "method": "eth_unsubscribe",
   >   "params": [
   >     "0x4"
   >   ]
   > }
[2022/03/10 20:03:49.531] -  <   {
 <     "id": 15,
 <     "jsonrpc": "2.0",
 <     "result": true
 <   }
[2022/03/10 20:03:49.533] -    > {
   >   "jsonrpc": "2.0",
   >   "method": "eth_unsubscribe",
   >   "params": [
   >     "0x5"
   >   ],
   >   "id": 1646939029533
   > }
[2022/03/10 20:03:49.534] -    > {
   >   "jsonrpc": "2.0",
   >   "method": "eth_unsubscribe",
   >   "params": [
   >     "0x4"
   >   ],
   >   "id": 1646939029534
   > }
[2022/03/10 20:03:49.536] -    > {
   >   "jsonrpc": "2.0",
   >   "method": "eth_unsubscribe",
   >   "params": [
   >     "0x6"
   >   ],
   >   "id": 1646939029535
   > }
[2022/03/10 20:03:49.537] -    > {
   >   "jsonrpc": "2.0",
   >   "method": "eth_unsubscribe",
   >   "params": [
   >     "0x1"
   >   ],
   >   "id": 1646939029537
   > }
[2022/03/10 20:03:49.538] -    > {
   >   "jsonrpc": "2.0",
   >   "method": "eth_unsubscribe",
   >   "params": [
   >     "0x2"
   >   ],
   >   "id": 1646939029538
   > }
[2022/03/10 20:03:49.540] -  <   {
 <     "id": 16,
 <     "jsonrpc": "2.0",
 <     "result": true
 <   }
[2022/03/10 20:03:49.543] -  <   {
 <     "id": 1646939029533,
 <     "jsonrpc": "2.0",
 <     "result": true
 <   }
[2022/03/10 20:03:49.548] -  <   {
 <     "id": 1646939029534,
 <     "jsonrpc": "2.0",
 <     "error": {
 <       "message": "Subscription ID 0x4 not found.",
 <       "code": -32000,
 <       "data": {
 <         "stack": "Error: Subscription ID 0x4 not found.\n    at SubscriptionSubprovider.eth_unsubscribe (E:\\Program Files\\Ganache\\resources\\static\\node\\node_modules\\ganache-core\\node_modules\\web3-provider-engine\\subproviders\\subscriptions.js:78:8)\n    at SubscriptionSubprovider.handleRequest (E:\\Program Files\\Ganache\\resources\\static\\node\\node_modules\\ganache-core\\node_modules\\web3-provider-engine\\subproviders\\subscriptions.js:134:12)\n    at next (E:\\Program Files\\Ganache\\resources\\static\\node\\node_modules\\ganache-core\\node_modules\\web3-provider-engine\\index.js:136:18)\n    at DelayedBlockFilter.handleRequest (E:\\Program Files\\Ganache\\resources\\static\\node\\node_modules\\ganache-core\\lib\\subproviders\\delayedblockfilter.js:31:3)\n    at next (E:\\Program Files\\Ganache\\resources\\static\\node\\node_modules\\ganache-core\\node_modules\\web3-provider-engine\\index.js:136:18)\n    at RequestFunnel.handleRequest (E:\\Program Files\\Ganache\\resources\\static\\node\\node_modules\\ganache-core\\lib\\subproviders\\requestfunnel.js:32:12)\n    at next (E:\\Program Files\\Ganache\\resources\\static\\node\\node_modules\\ganache-core\\node_modules\\web3-provider-engine\\index.js:136:18)\n    at Web3ProviderEngine._handleAsync (E:\\Program Files\\Ganache\\resources\\static\\node\\node_modules\\ganache-core\\node_modules\\web3-provider-engine\\index.js:123:3)\n    at Timeout._onTimeout (E:\\Program Files\\Ganache\\resources\\static\\node\\node_modules\\ganache-core\\node_modules\\web3-provider-engine\\index.js:107:12)\n    at listOnTimeout (internal/timers.js:531:17)\n    at processTimers (internal/timers.js:475:7)",
 <         "name": "Error"
 <       }
 <     }
 <   }
[2022/03/10 20:03:49.551] -  <   {
 <     "id": 1646939029535,
 <     "jsonrpc": "2.0",
 <     "result": true
 <   }
[2022/03/10 20:03:49.553] -  <   {
 <     "id": 1646939029537,
 <     "jsonrpc": "2.0",
 <     "result": true
 <   }
[2022/03/10 20:03:49.555] -  <   {
 <     "id": 1646939029538,
 <     "jsonrpc": "2.0",
 <     "result": true
 <   }
